2025-06-27 10:58:03,350 INFO: Script started.
2025-06-27 10:58:03,350 INFO: ========== Starting run for seed 77584 ==========
2025-06-27 10:58:03,352 INFO: Results will be saved in: ../results/with_discharge_haicore/seed_77584
2025-06-27 10:58:03,352 INFO: Setting random seed: 77584
2025-06-27 10:58:03,357 INFO: Initializing training dataset...
2025-06-27 11:01:23,544 INFO: Calculating basin std for training dataset...
2025-06-27 11:01:23,698 INFO: Calculating global statistics for training dataset...
2025-06-27 11:01:26,075 INFO: Standardizing training dataset...
2025-06-27 11:01:26,321 INFO: Initializing validation dataset...
2025-06-27 11:03:33,646 INFO: Standardizing validation dataset...
2025-06-27 11:03:33,703 INFO: Creating data loaders...
2025-06-27 11:03:33,703 INFO: Batches in training: 53207
2025-06-27 11:03:34,446 INFO: x_lstm: torch.Size([256, 365, 9]) | y: torch.Size([256, 1]) | per_basin_target_std: torch.Size([256, 1])
2025-06-27 11:03:34,818 INFO: Batches in validation: 1800
2025-06-27 11:03:34,919 INFO: x_lstm: torch.Size([2192, 365, 9]) | y: torch.Size([2192, 1])
2025-06-27 11:03:35,332 INFO: Initializing model, optimizer, and scheduler...
2025-06-27 11:03:37,353 INFO: No checkpoint found. Starting from scratch.
2025-06-27 11:03:37,353 INFO: Starting training loop...
2025-06-27 11:03:37,353 INFO: --- Seed 77584 | Epoch 1/5 ---
2025-06-27 11:04:38,833 INFO:   Batch 2000/53207 | Batch Loss: 0.8926
2025-06-27 11:05:40,483 INFO:   Batch 4000/53207 | Batch Loss: 0.4039
2025-06-27 11:06:42,133 INFO:   Batch 6000/53207 | Batch Loss: 0.7219
2025-06-27 11:07:43,783 INFO:   Batch 8000/53207 | Batch Loss: 0.2680
2025-06-27 11:08:45,451 INFO:   Batch 10000/53207 | Batch Loss: 0.3844
2025-06-27 11:09:47,163 INFO:   Batch 12000/53207 | Batch Loss: 0.4526
2025-06-27 11:10:48,822 INFO:   Batch 14000/53207 | Batch Loss: 0.3399
2025-06-27 11:11:50,966 INFO:   Batch 16000/53207 | Batch Loss: 0.4142
2025-06-27 11:12:52,716 INFO:   Batch 18000/53207 | Batch Loss: 0.3431
2025-06-27 11:13:53,885 INFO:   Batch 20000/53207 | Batch Loss: 0.1916
2025-06-27 11:14:55,578 INFO:   Batch 22000/53207 | Batch Loss: 0.4656
2025-06-27 11:15:57,262 INFO:   Batch 24000/53207 | Batch Loss: 0.4615
2025-06-27 11:16:58,953 INFO:   Batch 26000/53207 | Batch Loss: 0.3789
2025-06-27 11:18:01,077 INFO:   Batch 28000/53207 | Batch Loss: 0.2806
2025-06-27 11:19:02,580 INFO:   Batch 30000/53207 | Batch Loss: 0.3337
2025-06-27 11:20:04,127 INFO:   Batch 32000/53207 | Batch Loss: 0.3244
2025-06-27 11:21:05,751 INFO:   Batch 34000/53207 | Batch Loss: 0.2950
2025-06-27 11:22:07,396 INFO:   Batch 36000/53207 | Batch Loss: 0.2473
2025-06-27 11:23:09,098 INFO:   Batch 38000/53207 | Batch Loss: 0.3290
2025-06-27 11:24:11,362 INFO:   Batch 40000/53207 | Batch Loss: 0.5051
2025-06-27 11:25:12,819 INFO:   Batch 42000/53207 | Batch Loss: 0.3808
2025-06-27 11:26:14,541 INFO:   Batch 44000/53207 | Batch Loss: 0.2034
2025-06-27 11:27:15,871 INFO:   Batch 46000/53207 | Batch Loss: 0.3512
2025-06-27 11:28:17,577 INFO:   Batch 48000/53207 | Batch Loss: 0.2438
2025-06-27 11:29:19,270 INFO:   Batch 50000/53207 | Batch Loss: 0.3357
2025-06-27 11:30:21,638 INFO:   Batch 52000/53207 | Batch Loss: 0.2952
2025-06-27 11:30:58,175 INFO:   Batch 53207/53207 | Batch Loss: 0.2387
2025-06-27 11:30:58,882 INFO: Epoch 1 training complete. Avg Loss: 0.3625
2025-06-27 11:30:58,883 INFO: Running validation...
2025-06-27 11:34:33,280 INFO: Validation NSE: 0.7110
2025-06-27 11:34:33,323 INFO: Epoch: 1  | Loss training: 0.362  | NSE validation: 0.711  | LR:0.00100  | Training time: 1856.0  s
2025-06-27 11:34:33,325 INFO: --- Seed 77584 | Epoch 2/5 ---
2025-06-27 11:35:34,973 INFO:   Batch 2000/53207 | Batch Loss: 0.3387
2025-06-27 11:36:36,890 INFO:   Batch 4000/53207 | Batch Loss: 0.2943
2025-06-27 11:37:38,244 INFO:   Batch 6000/53207 | Batch Loss: 0.2294
2025-06-27 11:38:39,726 INFO:   Batch 8000/53207 | Batch Loss: 0.2527
2025-06-27 11:39:41,872 INFO:   Batch 10000/53207 | Batch Loss: 0.2550
2025-06-27 11:40:43,690 INFO:   Batch 12000/53207 | Batch Loss: 0.1949
2025-06-27 11:41:44,769 INFO:   Batch 14000/53207 | Batch Loss: 0.3213
2025-06-27 11:42:46,435 INFO:   Batch 16000/53207 | Batch Loss: 0.3418
2025-06-27 11:43:48,133 INFO:   Batch 18000/53207 | Batch Loss: 0.3311
2025-06-27 11:44:50,258 INFO:   Batch 20000/53207 | Batch Loss: 0.1947
2025-06-27 11:45:52,091 INFO:   Batch 22000/53207 | Batch Loss: 0.3946
2025-06-27 11:46:53,727 INFO:   Batch 24000/53207 | Batch Loss: 0.2326
2025-06-27 11:47:55,543 INFO:   Batch 26000/53207 | Batch Loss: 0.2921
2025-06-27 11:48:56,520 INFO:   Batch 28000/53207 | Batch Loss: 0.2140
2025-06-27 11:49:58,243 INFO:   Batch 30000/53207 | Batch Loss: 0.2768
2025-06-27 11:50:59,907 INFO:   Batch 32000/53207 | Batch Loss: 0.4120
2025-06-27 11:52:01,618 INFO:   Batch 34000/53207 | Batch Loss: 0.3716
2025-06-27 11:53:03,259 INFO:   Batch 36000/53207 | Batch Loss: 0.3235
2025-06-27 11:54:04,993 INFO:   Batch 38000/53207 | Batch Loss: 0.2400
2025-06-27 11:55:06,649 INFO:   Batch 40000/53207 | Batch Loss: 0.3135
2025-06-27 11:56:08,338 INFO:   Batch 42000/53207 | Batch Loss: 0.2236
2025-06-27 11:57:10,059 INFO:   Batch 44000/53207 | Batch Loss: 0.2959
2025-06-27 11:58:11,731 INFO:   Batch 46000/53207 | Batch Loss: 0.8214
2025-06-27 11:59:13,433 INFO:   Batch 48000/53207 | Batch Loss: 0.2943
2025-06-27 12:00:15,122 INFO:   Batch 50000/53207 | Batch Loss: 0.2392
2025-06-27 12:01:16,817 INFO:   Batch 52000/53207 | Batch Loss: 0.1799
2025-06-27 12:01:54,299 INFO:   Batch 53207/53207 | Batch Loss: 0.2873
2025-06-27 12:01:54,999 INFO: Epoch 2 training complete. Avg Loss: 0.3101
2025-06-27 12:01:55,015 INFO: Running validation...
2025-06-27 12:05:28,699 INFO: Validation NSE: 0.7285
2025-06-27 12:05:28,713 INFO: Epoch: 2  | Loss training: 0.310  | NSE validation: 0.729  | LR:0.00100  | Training time: 1855.4  s
2025-06-27 12:05:28,713 INFO: --- Seed 77584 | Epoch 3/5 ---
2025-06-27 12:06:30,333 INFO:   Batch 2000/53207 | Batch Loss: 0.2595
2025-06-27 12:07:32,058 INFO:   Batch 4000/53207 | Batch Loss: 0.1817
2025-06-27 12:08:33,723 INFO:   Batch 6000/53207 | Batch Loss: 0.1954
2025-06-27 12:09:35,418 INFO:   Batch 8000/53207 | Batch Loss: 0.3464
2025-06-27 12:10:37,137 INFO:   Batch 10000/53207 | Batch Loss: 0.4459
2025-06-27 12:11:38,790 INFO:   Batch 12000/53207 | Batch Loss: 0.3687
2025-06-27 12:12:40,503 INFO:   Batch 14000/53207 | Batch Loss: 0.3048
2025-06-27 12:13:42,199 INFO:   Batch 16000/53207 | Batch Loss: 0.3182
2025-06-27 12:14:44,105 INFO:   Batch 18000/53207 | Batch Loss: 0.2732
2025-06-27 12:15:45,552 INFO:   Batch 20000/53207 | Batch Loss: 0.4096
2025-06-27 12:16:47,576 INFO:   Batch 22000/53207 | Batch Loss: 0.1731
2025-06-27 12:17:48,939 INFO:   Batch 24000/53207 | Batch Loss: 0.1876
2025-06-27 12:18:50,590 INFO:   Batch 26000/53207 | Batch Loss: 0.1705
2025-06-27 12:19:52,265 INFO:   Batch 28000/53207 | Batch Loss: 0.3511
2025-06-27 12:20:53,953 INFO:   Batch 30000/53207 | Batch Loss: 0.2571
2025-06-27 12:21:56,208 INFO:   Batch 32000/53207 | Batch Loss: 0.2966
2025-06-27 12:22:57,847 INFO:   Batch 34000/53207 | Batch Loss: 0.3814
2025-06-27 12:23:59,483 INFO:   Batch 36000/53207 | Batch Loss: 0.4073
2025-06-27 12:25:01,286 INFO:   Batch 38000/53207 | Batch Loss: 0.2775
2025-06-27 12:26:02,662 INFO:   Batch 40000/53207 | Batch Loss: 0.2372
2025-06-27 12:27:04,645 INFO:   Batch 42000/53207 | Batch Loss: 0.4043
2025-06-27 12:28:06,112 INFO:   Batch 44000/53207 | Batch Loss: 0.2097
2025-06-27 12:29:08,051 INFO:   Batch 46000/53207 | Batch Loss: 0.2595
2025-06-27 12:30:09,447 INFO:   Batch 48000/53207 | Batch Loss: 0.3128
2025-06-27 12:31:10,722 INFO:   Batch 50000/53207 | Batch Loss: 0.1842
2025-06-27 12:32:12,423 INFO:   Batch 52000/53207 | Batch Loss: 0.3396
2025-06-27 12:32:49,638 INFO:   Batch 53207/53207 | Batch Loss: 0.2460
2025-06-27 12:32:50,399 INFO: Epoch 3 training complete. Avg Loss: 0.2991
2025-06-27 12:32:50,412 INFO: Running validation...
2025-06-27 12:36:24,279 INFO: Validation NSE: 0.7334
2025-06-27 12:36:24,293 INFO: Epoch: 3  | Loss training: 0.299  | NSE validation: 0.733  | LR:0.00100  | Training time: 1855.6  s
2025-06-27 12:36:24,293 INFO: --- Seed 77584 | Epoch 4/5 ---
2025-06-27 12:37:26,486 INFO:   Batch 2000/53207 | Batch Loss: 0.2444
2025-06-27 12:38:27,836 INFO:   Batch 4000/53207 | Batch Loss: 0.3515
2025-06-27 12:39:29,672 INFO:   Batch 6000/53207 | Batch Loss: 0.2858
2025-06-27 12:40:31,210 INFO:   Batch 8000/53207 | Batch Loss: 0.1842
2025-06-27 12:41:33,116 INFO:   Batch 10000/53207 | Batch Loss: 0.3463
2025-06-27 12:42:34,581 INFO:   Batch 12000/53207 | Batch Loss: 0.5549
2025-06-27 12:43:36,311 INFO:   Batch 14000/53207 | Batch Loss: 0.7692
2025-06-27 12:44:38,124 INFO:   Batch 16000/53207 | Batch Loss: 0.2273
2025-06-27 12:45:39,856 INFO:   Batch 18000/53207 | Batch Loss: 0.2457
2025-06-27 12:46:41,462 INFO:   Batch 20000/53207 | Batch Loss: 0.1773
2025-06-27 12:47:43,195 INFO:   Batch 22000/53207 | Batch Loss: 0.2821
2025-06-27 12:48:45,082 INFO:   Batch 24000/53207 | Batch Loss: 0.3084
2025-06-27 12:49:46,381 INFO:   Batch 26000/53207 | Batch Loss: 0.2115
2025-06-27 12:50:48,324 INFO:   Batch 28000/53207 | Batch Loss: 0.2716
2025-06-27 12:51:49,694 INFO:   Batch 30000/53207 | Batch Loss: 0.2512
2025-06-27 12:52:51,671 INFO:   Batch 32000/53207 | Batch Loss: 0.2119
2025-06-27 12:53:53,031 INFO:   Batch 34000/53207 | Batch Loss: 0.2670
2025-06-27 12:54:54,685 INFO:   Batch 36000/53207 | Batch Loss: 0.3018
2025-06-27 12:55:56,370 INFO:   Batch 38000/53207 | Batch Loss: 0.3166
2025-06-27 12:56:58,028 INFO:   Batch 40000/53207 | Batch Loss: 0.1838
2025-06-27 12:57:59,729 INFO:   Batch 42000/53207 | Batch Loss: 0.3087
2025-06-27 12:59:01,421 INFO:   Batch 44000/53207 | Batch Loss: 0.3200
2025-06-27 13:00:03,117 INFO:   Batch 46000/53207 | Batch Loss: 0.2251
2025-06-27 13:01:04,831 INFO:   Batch 48000/53207 | Batch Loss: 0.2111
2025-06-27 13:02:06,509 INFO:   Batch 50000/53207 | Batch Loss: 0.3129
2025-06-27 13:03:08,203 INFO:   Batch 52000/53207 | Batch Loss: 0.2754
2025-06-27 13:03:45,450 INFO:   Batch 53207/53207 | Batch Loss: 0.3228
2025-06-27 13:03:46,154 INFO: Epoch 4 training complete. Avg Loss: 0.2942
2025-06-27 13:03:46,167 INFO: Running validation...
2025-06-27 13:07:20,098 INFO: Validation NSE: 0.7395
2025-06-27 13:07:20,112 INFO: Epoch: 4  | Loss training: 0.294  | NSE validation: 0.739  | LR:0.00100  | Training time: 1855.8  s
2025-06-27 13:07:20,112 INFO: --- Seed 77584 | Epoch 5/5 ---
2025-06-27 13:08:21,941 INFO:   Batch 2000/53207 | Batch Loss: 0.2466
2025-06-27 13:09:23,608 INFO:   Batch 4000/53207 | Batch Loss: 0.1837
2025-06-27 13:10:25,285 INFO:   Batch 6000/53207 | Batch Loss: 0.2441
2025-06-27 13:11:27,078 INFO:   Batch 8000/53207 | Batch Loss: 0.2301
2025-06-27 13:12:28,654 INFO:   Batch 10000/53207 | Batch Loss: 0.2571
2025-06-27 13:13:30,445 INFO:   Batch 12000/53207 | Batch Loss: 0.6373
2025-06-27 13:14:32,064 INFO:   Batch 14000/53207 | Batch Loss: 0.3844
2025-06-27 13:15:33,995 INFO:   Batch 16000/53207 | Batch Loss: 0.4030
2025-06-27 13:16:35,402 INFO:   Batch 18000/53207 | Batch Loss: 0.2298
2025-06-27 13:17:37,245 INFO:   Batch 20000/53207 | Batch Loss: 0.4869
2025-06-27 13:18:38,773 INFO:   Batch 22000/53207 | Batch Loss: 0.1451
2025-06-27 13:19:40,551 INFO:   Batch 24000/53207 | Batch Loss: 0.4599
2025-06-27 13:20:42,264 INFO:   Batch 26000/53207 | Batch Loss: 0.3102
2025-06-27 13:21:43,796 INFO:   Batch 28000/53207 | Batch Loss: 0.2780
2025-06-27 13:22:45,788 INFO:   Batch 30000/53207 | Batch Loss: 0.2367
2025-06-27 13:23:47,257 INFO:   Batch 32000/53207 | Batch Loss: 0.2919
2025-06-27 13:24:49,304 INFO:   Batch 34000/53207 | Batch Loss: 0.2240
2025-06-27 13:25:50,539 INFO:   Batch 36000/53207 | Batch Loss: 0.1771
2025-06-27 13:26:52,336 INFO:   Batch 38000/53207 | Batch Loss: 0.3225
2025-06-27 13:27:53,877 INFO:   Batch 40000/53207 | Batch Loss: 0.1983
2025-06-27 13:28:55,811 INFO:   Batch 42000/53207 | Batch Loss: 0.2688
2025-06-27 13:29:57,151 INFO:   Batch 44000/53207 | Batch Loss: 0.4783
2025-06-27 13:30:58,828 INFO:   Batch 46000/53207 | Batch Loss: 0.1947
2025-06-27 13:32:00,475 INFO:   Batch 48000/53207 | Batch Loss: 0.6087
2025-06-27 13:33:02,198 INFO:   Batch 50000/53207 | Batch Loss: 0.2651
2025-06-27 13:34:04,224 INFO:   Batch 52000/53207 | Batch Loss: 0.3350
2025-06-27 13:34:41,368 INFO:   Batch 53207/53207 | Batch Loss: 0.2977
2025-06-27 13:34:42,078 INFO: Epoch 5 training complete. Avg Loss: 0.2910
2025-06-27 13:34:42,092 INFO: Running validation...
2025-06-27 13:38:16,021 INFO: Validation NSE: 0.7410
2025-06-27 13:38:16,038 INFO: Epoch: 5  | Loss training: 0.291  | NSE validation: 0.741  | LR:0.00100  | Training time: 1855.9  s
2025-06-27 13:38:16,038 INFO: Total training time: 9278.7  s
2025-06-27 13:38:16,038 INFO: Starting testing phase...
2025-06-27 13:40:37,971 INFO: Batches in testing: 1800
2025-06-27 13:40:38,206 INFO: x_lstm: torch.Size([5479, 365, 9]) | y: torch.Size([5479, 1])
2025-06-27 13:40:39,255 INFO: Running test predictions...
2025-06-27 13:40:42,574 INFO:   Test batch 10/1800 complete
2025-06-27 13:40:45,687 INFO:   Test batch 20/1800 complete
2025-06-27 13:40:49,102 INFO:   Test batch 30/1800 complete
2025-06-27 13:40:52,368 INFO:   Test batch 40/1800 complete
2025-06-27 13:40:55,586 INFO:   Test batch 50/1800 complete
2025-06-27 13:40:59,094 INFO:   Test batch 60/1800 complete
2025-06-27 13:41:02,609 INFO:   Test batch 70/1800 complete
2025-06-27 13:41:05,936 INFO:   Test batch 80/1800 complete
2025-06-27 13:41:09,467 INFO:   Test batch 90/1800 complete
2025-06-27 13:41:12,929 INFO:   Test batch 100/1800 complete
2025-06-27 13:41:16,306 INFO:   Test batch 110/1800 complete
2025-06-27 13:41:19,807 INFO:   Test batch 120/1800 complete
2025-06-27 13:41:23,268 INFO:   Test batch 130/1800 complete
2025-06-27 13:41:26,580 INFO:   Test batch 140/1800 complete
2025-06-27 13:41:30,076 INFO:   Test batch 150/1800 complete
2025-06-27 13:41:32,812 INFO:   Test batch 160/1800 complete
2025-06-27 13:41:36,315 INFO:   Test batch 170/1800 complete
2025-06-27 13:41:39,795 INFO:   Test batch 180/1800 complete
2025-06-27 13:41:43,226 INFO:   Test batch 190/1800 complete
2025-06-27 13:41:46,572 INFO:   Test batch 200/1800 complete
2025-06-27 13:41:49,839 INFO:   Test batch 210/1800 complete
2025-06-27 13:41:53,267 INFO:   Test batch 220/1800 complete
2025-06-27 13:41:56,543 INFO:   Test batch 230/1800 complete
2025-06-27 13:42:00,062 INFO:   Test batch 240/1800 complete
2025-06-27 13:42:03,300 INFO:   Test batch 250/1800 complete
2025-06-27 13:42:06,912 INFO:   Test batch 260/1800 complete
2025-06-27 13:42:10,466 INFO:   Test batch 270/1800 complete
2025-06-27 13:42:13,764 INFO:   Test batch 280/1800 complete
2025-06-27 13:42:16,982 INFO:   Test batch 290/1800 complete
2025-06-27 13:42:20,552 INFO:   Test batch 300/1800 complete
2025-06-27 13:42:24,054 INFO:   Test batch 310/1800 complete
2025-06-27 13:42:27,392 INFO:   Test batch 320/1800 complete
2025-06-27 13:42:30,690 INFO:   Test batch 330/1800 complete
2025-06-27 13:42:34,075 INFO:   Test batch 340/1800 complete
2025-06-27 13:42:37,618 INFO:   Test batch 350/1800 complete
2025-06-27 13:42:41,090 INFO:   Test batch 360/1800 complete
2025-06-27 13:42:44,387 INFO:   Test batch 370/1800 complete
2025-06-27 13:42:47,635 INFO:   Test batch 380/1800 complete
2025-06-27 13:42:50,284 INFO:   Test batch 390/1800 complete
2025-06-27 13:42:53,628 INFO:   Test batch 400/1800 complete
2025-06-27 13:42:56,906 INFO:   Test batch 410/1800 complete
2025-06-27 13:43:00,408 INFO:   Test batch 420/1800 complete
2025-06-27 13:43:03,767 INFO:   Test batch 430/1800 complete
2025-06-27 13:43:07,291 INFO:   Test batch 440/1800 complete
2025-06-27 13:43:10,683 INFO:   Test batch 450/1800 complete
2025-06-27 13:43:14,188 INFO:   Test batch 460/1800 complete
2025-06-27 13:43:17,721 INFO:   Test batch 470/1800 complete
2025-06-27 13:43:21,245 INFO:   Test batch 480/1800 complete
2025-06-27 13:43:24,758 INFO:   Test batch 490/1800 complete
2025-06-27 13:43:28,145 INFO:   Test batch 500/1800 complete
2025-06-27 13:43:31,443 INFO:   Test batch 510/1800 complete
2025-06-27 13:43:34,708 INFO:   Test batch 520/1800 complete
2025-06-27 13:43:38,189 INFO:   Test batch 530/1800 complete
2025-06-27 13:43:41,672 INFO:   Test batch 540/1800 complete
2025-06-27 13:43:45,179 INFO:   Test batch 550/1800 complete
2025-06-27 13:43:48,663 INFO:   Test batch 560/1800 complete
2025-06-27 13:43:51,393 INFO:   Test batch 570/1800 complete
2025-06-27 13:43:54,890 INFO:   Test batch 580/1800 complete
2025-06-27 13:43:58,305 INFO:   Test batch 590/1800 complete
2025-06-27 13:44:01,670 INFO:   Test batch 600/1800 complete
2025-06-27 13:44:05,140 INFO:   Test batch 610/1800 complete
2025-06-27 13:44:08,472 INFO:   Test batch 620/1800 complete
2025-06-27 13:44:11,789 INFO:   Test batch 630/1800 complete
2025-06-27 13:44:15,411 INFO:   Test batch 640/1800 complete
2025-06-27 13:44:18,918 INFO:   Test batch 650/1800 complete
2025-06-27 13:44:22,490 INFO:   Test batch 660/1800 complete
2025-06-27 13:44:25,991 INFO:   Test batch 670/1800 complete
2025-06-27 13:44:29,504 INFO:   Test batch 680/1800 complete
2025-06-27 13:44:32,830 INFO:   Test batch 690/1800 complete
2025-06-27 13:44:36,158 INFO:   Test batch 700/1800 complete
2025-06-27 13:44:38,625 INFO:   Test batch 710/1800 complete
2025-06-27 13:44:41,900 INFO:   Test batch 720/1800 complete
2025-06-27 13:44:45,398 INFO:   Test batch 730/1800 complete
2025-06-27 13:44:48,812 INFO:   Test batch 740/1800 complete
2025-06-27 13:44:52,100 INFO:   Test batch 750/1800 complete
2025-06-27 13:44:55,628 INFO:   Test batch 760/1800 complete
2025-06-27 13:44:59,142 INFO:   Test batch 770/1800 complete
2025-06-27 13:45:02,440 INFO:   Test batch 780/1800 complete
2025-06-27 13:45:05,952 INFO:   Test batch 790/1800 complete
2025-06-27 13:45:09,462 INFO:   Test batch 800/1800 complete
2025-06-27 13:45:13,034 INFO:   Test batch 810/1800 complete
2025-06-27 13:45:16,530 INFO:   Test batch 820/1800 complete
2025-06-27 13:45:20,091 INFO:   Test batch 830/1800 complete
2025-06-27 13:45:23,419 INFO:   Test batch 840/1800 complete
2025-06-27 13:45:26,962 INFO:   Test batch 850/1800 complete
2025-06-27 13:45:29,469 INFO:   Test batch 860/1800 complete
2025-06-27 13:45:32,970 INFO:   Test batch 870/1800 complete
2025-06-27 13:45:36,307 INFO:   Test batch 880/1800 complete
2025-06-27 13:45:39,994 INFO:   Test batch 890/1800 complete
2025-06-27 13:45:43,384 INFO:   Test batch 900/1800 complete
2025-06-27 13:45:46,617 INFO:   Test batch 910/1800 complete
2025-06-27 13:45:50,159 INFO:   Test batch 920/1800 complete
2025-06-27 13:45:53,672 INFO:   Test batch 930/1800 complete
2025-06-27 13:45:56,954 INFO:   Test batch 940/1800 complete
2025-06-27 13:46:00,189 INFO:   Test batch 950/1800 complete
2025-06-27 13:46:03,498 INFO:   Test batch 960/1800 complete
2025-06-27 13:46:06,981 INFO:   Test batch 970/1800 complete
2025-06-27 13:46:10,471 INFO:   Test batch 980/1800 complete
2025-06-27 13:46:14,047 INFO:   Test batch 990/1800 complete
2025-06-27 13:46:16,515 INFO:   Test batch 1000/1800 complete
2025-06-27 13:46:19,813 INFO:   Test batch 1010/1800 complete
2025-06-27 13:46:23,579 INFO:   Test batch 1020/1800 complete
2025-06-27 13:46:27,184 INFO:   Test batch 1030/1800 complete
2025-06-27 13:46:30,628 INFO:   Test batch 1040/1800 complete
2025-06-27 13:46:34,070 INFO:   Test batch 1050/1800 complete
2025-06-27 13:46:37,698 INFO:   Test batch 1060/1800 complete
2025-06-27 13:46:40,942 INFO:   Test batch 1070/1800 complete
2025-06-27 13:46:44,477 INFO:   Test batch 1080/1800 complete
2025-06-27 13:46:48,016 INFO:   Test batch 1090/1800 complete
2025-06-27 13:46:51,282 INFO:   Test batch 1100/1800 complete
2025-06-27 13:46:54,784 INFO:   Test batch 1110/1800 complete
2025-06-27 13:46:58,346 INFO:   Test batch 1120/1800 complete
2025-06-27 13:47:01,893 INFO:   Test batch 1130/1800 complete
2025-06-27 13:47:04,539 INFO:   Test batch 1140/1800 complete
2025-06-27 13:47:07,838 INFO:   Test batch 1150/1800 complete
2025-06-27 13:47:11,352 INFO:   Test batch 1160/1800 complete
2025-06-27 13:47:14,781 INFO:   Test batch 1170/1800 complete
2025-06-27 13:47:18,113 INFO:   Test batch 1180/1800 complete
2025-06-27 13:47:21,355 INFO:   Test batch 1190/1800 complete
2025-06-27 13:47:24,925 INFO:   Test batch 1200/1800 complete
2025-06-27 13:47:28,275 INFO:   Test batch 1210/1800 complete
2025-06-27 13:47:31,900 INFO:   Test batch 1220/1800 complete
2025-06-27 13:47:35,205 INFO:   Test batch 1230/1800 complete
2025-06-27 13:47:38,512 INFO:   Test batch 1240/1800 complete
2025-06-27 13:47:42,053 INFO:   Test batch 1250/1800 complete
2025-06-27 13:47:45,552 INFO:   Test batch 1260/1800 complete
2025-06-27 13:47:48,095 INFO:   Test batch 1270/1800 complete
2025-06-27 13:47:51,634 INFO:   Test batch 1280/1800 complete
2025-06-27 13:47:55,005 INFO:   Test batch 1290/1800 complete
2025-06-27 13:47:58,271 INFO:   Test batch 1300/1800 complete
2025-06-27 13:48:01,679 INFO:   Test batch 1310/1800 complete
2025-06-27 13:48:04,979 INFO:   Test batch 1320/1800 complete
2025-06-27 13:48:08,314 INFO:   Test batch 1330/1800 complete
2025-06-27 13:48:11,937 INFO:   Test batch 1340/1800 complete
2025-06-27 13:48:15,264 INFO:   Test batch 1350/1800 complete
2025-06-27 13:48:18,791 INFO:   Test batch 1360/1800 complete
2025-06-27 13:48:22,381 INFO:   Test batch 1370/1800 complete
2025-06-27 13:48:25,972 INFO:   Test batch 1380/1800 complete
2025-06-27 13:48:29,573 INFO:   Test batch 1390/1800 complete
2025-06-27 13:48:31,994 INFO:   Test batch 1400/1800 complete
2025-06-27 13:48:35,406 INFO:   Test batch 1410/1800 complete
2025-06-27 13:48:38,718 INFO:   Test batch 1420/1800 complete
2025-06-27 13:48:42,225 INFO:   Test batch 1430/1800 complete
2025-06-27 13:48:45,639 INFO:   Test batch 1440/1800 complete
2025-06-27 13:48:49,221 INFO:   Test batch 1450/1800 complete
2025-06-27 13:48:52,639 INFO:   Test batch 1460/1800 complete
2025-06-27 13:48:56,085 INFO:   Test batch 1470/1800 complete
2025-06-27 13:48:59,462 INFO:   Test batch 1480/1800 complete
2025-06-27 13:49:02,781 INFO:   Test batch 1490/1800 complete
2025-06-27 13:49:06,315 INFO:   Test batch 1500/1800 complete
2025-06-27 13:49:08,786 INFO:   Test batch 1510/1800 complete
2025-06-27 13:49:12,087 INFO:   Test batch 1520/1800 complete
2025-06-27 13:49:15,413 INFO:   Test batch 1530/1800 complete
2025-06-27 13:49:18,822 INFO:   Test batch 1540/1800 complete
2025-06-27 13:49:22,254 INFO:   Test batch 1550/1800 complete
2025-06-27 13:49:25,550 INFO:   Test batch 1560/1800 complete
2025-06-27 13:49:28,950 INFO:   Test batch 1570/1800 complete
2025-06-27 13:49:32,297 INFO:   Test batch 1580/1800 complete
2025-06-27 13:49:35,687 INFO:   Test batch 1590/1800 complete
2025-06-27 13:49:39,062 INFO:   Test batch 1600/1800 complete
2025-06-27 13:49:42,635 INFO:   Test batch 1610/1800 complete
2025-06-27 13:49:46,042 INFO:   Test batch 1620/1800 complete
2025-06-27 13:49:48,502 INFO:   Test batch 1630/1800 complete
2025-06-27 13:49:52,048 INFO:   Test batch 1640/1800 complete
2025-06-27 13:49:55,424 INFO:   Test batch 1650/1800 complete
2025-06-27 13:49:58,922 INFO:   Test batch 1660/1800 complete
2025-06-27 13:50:02,335 INFO:   Test batch 1670/1800 complete
2025-06-27 13:50:05,663 INFO:   Test batch 1680/1800 complete
2025-06-27 13:50:08,961 INFO:   Test batch 1690/1800 complete
2025-06-27 13:50:12,533 INFO:   Test batch 1700/1800 complete
2025-06-27 13:50:15,952 INFO:   Test batch 1710/1800 complete
2025-06-27 13:50:19,146 INFO:   Test batch 1720/1800 complete
2025-06-27 13:50:21,592 INFO:   Test batch 1730/1800 complete
2025-06-27 13:50:24,800 INFO:   Test batch 1740/1800 complete
2025-06-27 13:50:28,046 INFO:   Test batch 1750/1800 complete
2025-06-27 13:50:31,177 INFO:   Test batch 1760/1800 complete
2025-06-27 13:50:34,810 INFO:   Test batch 1770/1800 complete
2025-06-27 13:50:38,136 INFO:   Test batch 1780/1800 complete
2025-06-27 13:50:41,495 INFO:   Test batch 1790/1800 complete
2025-06-27 13:50:44,986 INFO:   Test batch 1800/1800 complete
2025-06-27 13:50:45,198 INFO: Test NSE calculation complete.
2025-06-27 13:51:01,282 INFO: Starting Out of sample testing phase...
2025-06-27 13:51:02,569 INFO: Batches in testing: 5
2025-06-27 13:51:03,041 INFO: x_lstm: torch.Size([14976, 365, 9]) | y: torch.Size([14976, 1])
2025-06-27 13:51:03,165 INFO: Running test predictions for ungauged basins...
2025-06-27 13:51:07,561 INFO:   Test batch 5/5 complete
2025-06-27 13:51:07,574 INFO: Ungauged NSE calculation complete.
2025-06-27 13:51:07,704 INFO: Run for seed 77584 complete. Results saved in ../results/with_discharge_haicore/seed_77584
2025-06-27 13:51:07,705 INFO: ========== Starting run for seed 47998 ==========
2025-06-27 13:51:07,710 INFO: Results will be saved in: ../results/with_discharge_haicore/seed_47998
2025-06-27 13:51:07,710 INFO: Setting random seed: 47998
2025-06-27 13:51:07,736 INFO: Initializing training dataset...
2025-06-27 13:54:36,128 INFO: Calculating basin std for training dataset...
2025-06-27 13:54:36,278 INFO: Calculating global statistics for training dataset...
2025-06-27 13:54:38,911 INFO: Standardizing training dataset...
2025-06-27 13:54:39,165 INFO: Initializing validation dataset...
2025-06-27 13:57:01,056 INFO: Standardizing validation dataset...
2025-06-27 13:57:01,115 INFO: Creating data loaders...
2025-06-27 13:57:01,653 INFO: Batches in training: 53207
2025-06-27 13:57:02,357 INFO: x_lstm: torch.Size([256, 365, 9]) | y: torch.Size([256, 1]) | per_basin_target_std: torch.Size([256, 1])
2025-06-27 13:57:02,951 INFO: Batches in validation: 1800
2025-06-27 13:57:03,067 INFO: x_lstm: torch.Size([2192, 365, 9]) | y: torch.Size([2192, 1])
2025-06-27 13:57:03,565 INFO: Initializing model, optimizer, and scheduler...
2025-06-27 13:57:03,568 INFO: No checkpoint found. Starting from scratch.
2025-06-27 13:57:03,569 INFO: Starting training loop...
2025-06-27 13:57:03,569 INFO: --- Seed 47998 | Epoch 1/5 ---
2025-06-27 13:58:05,841 INFO:   Batch 2000/53207 | Batch Loss: 0.3731
2025-06-27 13:59:07,470 INFO:   Batch 4000/53207 | Batch Loss: 0.1728
2025-06-27 14:00:09,135 INFO:   Batch 6000/53207 | Batch Loss: 0.3316
2025-06-27 14:01:10,978 INFO:   Batch 8000/53207 | Batch Loss: 0.3451
2025-06-27 14:02:12,551 INFO:   Batch 10000/53207 | Batch Loss: 0.6498
2025-06-27 14:03:14,675 INFO:   Batch 12000/53207 | Batch Loss: 0.3474
2025-06-27 14:04:16,075 INFO:   Batch 14000/53207 | Batch Loss: 0.3167
2025-06-27 14:05:17,669 INFO:   Batch 16000/53207 | Batch Loss: 0.3628
2025-06-27 14:06:19,285 INFO:   Batch 18000/53207 | Batch Loss: 0.6565
2025-06-27 14:07:20,935 INFO:   Batch 20000/53207 | Batch Loss: 0.4767
2025-06-27 14:08:22,586 INFO:   Batch 22000/53207 | Batch Loss: 0.3240
2025-06-27 14:09:24,225 INFO:   Batch 24000/53207 | Batch Loss: 0.2950
2025-06-27 14:10:25,888 INFO:   Batch 26000/53207 | Batch Loss: 0.2349
2025-06-27 14:11:27,625 INFO:   Batch 28000/53207 | Batch Loss: 0.3571
2025-06-27 14:12:29,178 INFO:   Batch 30000/53207 | Batch Loss: 0.3864
2025-06-27 14:13:30,840 INFO:   Batch 32000/53207 | Batch Loss: 0.4070
2025-06-27 14:14:32,522 INFO:   Batch 34000/53207 | Batch Loss: 0.4628
2025-06-27 14:15:34,141 INFO:   Batch 36000/53207 | Batch Loss: 0.4367
2025-06-27 14:16:35,791 INFO:   Batch 38000/53207 | Batch Loss: 0.3485
2025-06-27 14:17:37,500 INFO:   Batch 40000/53207 | Batch Loss: 0.3084
2025-06-27 14:18:39,154 INFO:   Batch 42000/53207 | Batch Loss: 0.2654
2025-06-27 14:19:40,789 INFO:   Batch 44000/53207 | Batch Loss: 0.2191
2025-06-27 14:20:42,513 INFO:   Batch 46000/53207 | Batch Loss: 0.5898
2025-06-27 14:21:44,155 INFO:   Batch 48000/53207 | Batch Loss: 0.2730
2025-06-27 14:22:45,751 INFO:   Batch 50000/53207 | Batch Loss: 0.3205
2025-06-27 14:23:47,388 INFO:   Batch 52000/53207 | Batch Loss: 0.2445
2025-06-27 14:24:24,596 INFO:   Batch 53207/53207 | Batch Loss: 0.2999
2025-06-27 14:24:25,282 INFO: Epoch 1 training complete. Avg Loss: 0.3729
2025-06-27 14:24:25,304 INFO: Running validation...
2025-06-27 14:28:00,342 INFO: Validation NSE: 0.7009
2025-06-27 14:28:00,355 INFO: Epoch: 1  | Loss training: 0.373  | NSE validation: 0.701  | LR:0.00100  | Training time: 1856.8  s
2025-06-27 14:28:00,356 INFO: --- Seed 47998 | Epoch 2/5 ---
2025-06-27 14:29:01,783 INFO:   Batch 2000/53207 | Batch Loss: 0.2762
2025-06-27 14:30:04,113 INFO:   Batch 4000/53207 | Batch Loss: 0.2884
2025-06-27 14:31:05,625 INFO:   Batch 6000/53207 | Batch Loss: 0.3158
2025-06-27 14:32:06,867 INFO:   Batch 8000/53207 | Batch Loss: 0.2253
2025-06-27 14:33:08,719 INFO:   Batch 10000/53207 | Batch Loss: 0.2718
2025-06-27 14:34:10,585 INFO:   Batch 12000/53207 | Batch Loss: 0.1536
2025-06-27 14:35:12,153 INFO:   Batch 14000/53207 | Batch Loss: 0.5753
2025-06-27 14:36:13,907 INFO:   Batch 16000/53207 | Batch Loss: 0.2474
2025-06-27 14:37:15,812 INFO:   Batch 18000/53207 | Batch Loss: 0.4354
2025-06-27 14:38:17,197 INFO:   Batch 20000/53207 | Batch Loss: 0.2160
2025-06-27 14:39:18,885 INFO:   Batch 22000/53207 | Batch Loss: 0.3703
2025-06-27 14:40:20,526 INFO:   Batch 24000/53207 | Batch Loss: 0.2340
2025-06-27 14:41:22,348 INFO:   Batch 26000/53207 | Batch Loss: 0.3200
2025-06-27 14:42:23,974 INFO:   Batch 28000/53207 | Batch Loss: 0.2049
2025-06-27 14:43:25,910 INFO:   Batch 30000/53207 | Batch Loss: 0.3331
2025-06-27 14:44:27,530 INFO:   Batch 32000/53207 | Batch Loss: 0.3164
2025-06-27 14:45:28,601 INFO:   Batch 34000/53207 | Batch Loss: 0.3348
2025-06-27 14:46:30,282 INFO:   Batch 36000/53207 | Batch Loss: 0.4880
2025-06-27 14:47:31,969 INFO:   Batch 38000/53207 | Batch Loss: 0.2937
2025-06-27 14:48:33,654 INFO:   Batch 40000/53207 | Batch Loss: 0.2938
2025-06-27 14:49:35,344 INFO:   Batch 42000/53207 | Batch Loss: 0.1962
2025-06-27 14:50:37,028 INFO:   Batch 44000/53207 | Batch Loss: 0.3504
2025-06-27 14:51:38,715 INFO:   Batch 46000/53207 | Batch Loss: 0.3017
2025-06-27 14:52:40,392 INFO:   Batch 48000/53207 | Batch Loss: 0.2551
2025-06-27 14:53:42,112 INFO:   Batch 50000/53207 | Batch Loss: 0.2070
2025-06-27 14:54:43,789 INFO:   Batch 52000/53207 | Batch Loss: 0.3140
2025-06-27 14:55:21,055 INFO:   Batch 53207/53207 | Batch Loss: 0.1924
2025-06-27 14:55:21,611 INFO: Epoch 2 training complete. Avg Loss: 0.3152
2025-06-27 14:55:21,627 INFO: Running validation...
2025-06-27 14:58:55,707 INFO: Validation NSE: 0.7288
2025-06-27 14:58:55,720 INFO: Epoch: 2  | Loss training: 0.315  | NSE validation: 0.729  | LR:0.00100  | Training time: 1855.4  s
2025-06-27 14:58:55,720 INFO: --- Seed 47998 | Epoch 3/5 ---
2025-06-27 14:59:57,269 INFO:   Batch 2000/53207 | Batch Loss: 0.2707
2025-06-27 15:00:58,968 INFO:   Batch 4000/53207 | Batch Loss: 0.4881
2025-06-27 15:02:00,633 INFO:   Batch 6000/53207 | Batch Loss: 0.3450
2025-06-27 15:03:02,299 INFO:   Batch 8000/53207 | Batch Loss: 0.1725
2025-06-27 15:04:03,964 INFO:   Batch 10000/53207 | Batch Loss: 0.2329
2025-06-27 15:05:05,640 INFO:   Batch 12000/53207 | Batch Loss: 0.3207
2025-06-27 15:06:07,326 INFO:   Batch 14000/53207 | Batch Loss: 0.3816
2025-06-27 15:07:09,044 INFO:   Batch 16000/53207 | Batch Loss: 0.3577
2025-06-27 15:08:10,734 INFO:   Batch 18000/53207 | Batch Loss: 0.2886
2025-06-27 15:09:12,427 INFO:   Batch 20000/53207 | Batch Loss: 0.3400
2025-06-27 15:10:14,085 INFO:   Batch 22000/53207 | Batch Loss: 0.3072
2025-06-27 15:11:15,917 INFO:   Batch 24000/53207 | Batch Loss: 0.2763
2025-06-27 15:12:17,633 INFO:   Batch 26000/53207 | Batch Loss: 0.3320
2025-06-27 15:13:19,343 INFO:   Batch 28000/53207 | Batch Loss: 0.2276
2025-06-27 15:14:21,060 INFO:   Batch 30000/53207 | Batch Loss: 0.2428
2025-06-27 15:15:22,883 INFO:   Batch 32000/53207 | Batch Loss: 0.2386
2025-06-27 15:16:24,497 INFO:   Batch 34000/53207 | Batch Loss: 0.2663
2025-06-27 15:17:26,255 INFO:   Batch 36000/53207 | Batch Loss: 0.4825
2025-06-27 15:18:28,317 INFO:   Batch 38000/53207 | Batch Loss: 0.3487
2025-06-27 15:19:29,906 INFO:   Batch 40000/53207 | Batch Loss: 0.3642
2025-06-27 15:20:31,033 INFO:   Batch 42000/53207 | Batch Loss: 0.2761
2025-06-27 15:21:32,725 INFO:   Batch 44000/53207 | Batch Loss: 0.2073
2025-06-27 15:22:34,373 INFO:   Batch 46000/53207 | Batch Loss: 0.1756
2025-06-27 15:23:36,101 INFO:   Batch 48000/53207 | Batch Loss: 0.5872
2025-06-27 15:24:37,773 INFO:   Batch 50000/53207 | Batch Loss: 0.3879
2025-06-27 15:25:39,469 INFO:   Batch 52000/53207 | Batch Loss: 0.3015
2025-06-27 15:26:16,687 INFO:   Batch 53207/53207 | Batch Loss: 0.3467
2025-06-27 15:26:17,316 INFO: Epoch 3 training complete. Avg Loss: 0.3020
2025-06-27 15:26:17,334 INFO: Running validation...
2025-06-27 15:29:51,218 INFO: Validation NSE: 0.7374
2025-06-27 15:29:51,229 INFO: Epoch: 3  | Loss training: 0.302  | NSE validation: 0.737  | LR:0.00100  | Training time: 1855.5  s
2025-06-27 15:29:51,230 INFO: --- Seed 47998 | Epoch 4/5 ---
2025-06-27 15:30:52,772 INFO:   Batch 2000/53207 | Batch Loss: 0.2519
2025-06-27 15:31:54,459 INFO:   Batch 4000/53207 | Batch Loss: 0.3646
2025-06-27 15:32:56,151 INFO:   Batch 6000/53207 | Batch Loss: 0.2665
2025-06-27 15:33:57,862 INFO:   Batch 8000/53207 | Batch Loss: 0.4903
2025-06-27 15:34:59,521 INFO:   Batch 10000/53207 | Batch Loss: 0.3520
2025-06-27 15:36:01,216 INFO:   Batch 12000/53207 | Batch Loss: 0.1645
2025-06-27 15:37:02,899 INFO:   Batch 14000/53207 | Batch Loss: 0.1989
2025-06-27 15:38:04,549 INFO:   Batch 16000/53207 | Batch Loss: 0.3528
2025-06-27 15:39:06,228 INFO:   Batch 18000/53207 | Batch Loss: 0.2873
2025-06-27 15:40:07,895 INFO:   Batch 20000/53207 | Batch Loss: 0.9582
2025-06-27 15:41:09,584 INFO:   Batch 22000/53207 | Batch Loss: 0.3527
2025-06-27 15:42:11,269 INFO:   Batch 24000/53207 | Batch Loss: 0.4266
2025-06-27 15:43:12,961 INFO:   Batch 26000/53207 | Batch Loss: 0.2904
2025-06-27 15:44:14,647 INFO:   Batch 28000/53207 | Batch Loss: 0.5789
2025-06-27 15:45:16,336 INFO:   Batch 30000/53207 | Batch Loss: 0.2737
2025-06-27 15:46:18,059 INFO:   Batch 32000/53207 | Batch Loss: 0.3586
2025-06-27 15:47:19,739 INFO:   Batch 34000/53207 | Batch Loss: 0.2935
2025-06-27 15:48:21,410 INFO:   Batch 36000/53207 | Batch Loss: 0.3199
2025-06-27 15:49:23,260 INFO:   Batch 38000/53207 | Batch Loss: 0.3130
2025-06-27 15:50:25,364 INFO:   Batch 40000/53207 | Batch Loss: 0.2965
2025-06-27 15:51:26,884 INFO:   Batch 42000/53207 | Batch Loss: 0.1961
2025-06-27 15:52:28,770 INFO:   Batch 44000/53207 | Batch Loss: 0.3549
2025-06-27 15:53:30,441 INFO:   Batch 46000/53207 | Batch Loss: 0.3760
2025-06-27 15:54:31,584 INFO:   Batch 48000/53207 | Batch Loss: 0.3128
2025-06-27 15:55:33,249 INFO:   Batch 50000/53207 | Batch Loss: 0.1883
2025-06-27 15:56:34,940 INFO:   Batch 52000/53207 | Batch Loss: 0.2788
2025-06-27 15:57:12,173 INFO:   Batch 53207/53207 | Batch Loss: 0.2469
2025-06-27 15:57:12,735 INFO: Epoch 4 training complete. Avg Loss: 0.2957
2025-06-27 15:57:12,752 INFO: Running validation...
2025-06-27 16:00:46,941 INFO: Validation NSE: 0.7403
2025-06-27 16:00:46,953 INFO: Epoch: 4  | Loss training: 0.296  | NSE validation: 0.740  | LR:0.00100  | Training time: 1855.7  s
2025-06-27 16:00:46,953 INFO: --- Seed 47998 | Epoch 5/5 ---
2025-06-27 16:01:48,249 INFO:   Batch 2000/53207 | Batch Loss: 0.3889
2025-06-27 16:02:49,947 INFO:   Batch 4000/53207 | Batch Loss: 0.2225
2025-06-27 16:03:51,636 INFO:   Batch 6000/53207 | Batch Loss: 0.3525
2025-06-27 16:04:53,321 INFO:   Batch 8000/53207 | Batch Loss: 0.3484
2025-06-27 16:05:55,001 INFO:   Batch 10000/53207 | Batch Loss: 0.2232
2025-06-27 16:06:56,707 INFO:   Batch 12000/53207 | Batch Loss: 0.2013
2025-06-27 16:07:58,369 INFO:   Batch 14000/53207 | Batch Loss: 0.3469
2025-06-27 16:09:00,028 INFO:   Batch 16000/53207 | Batch Loss: 0.3805
2025-06-27 16:10:01,718 INFO:   Batch 18000/53207 | Batch Loss: 0.3212
2025-06-27 16:11:03,421 INFO:   Batch 20000/53207 | Batch Loss: 0.2620
2025-06-27 16:12:05,130 INFO:   Batch 22000/53207 | Batch Loss: 0.2897
2025-06-27 16:13:06,755 INFO:   Batch 24000/53207 | Batch Loss: 0.4089
2025-06-27 16:14:08,407 INFO:   Batch 26000/53207 | Batch Loss: 0.2928
2025-06-27 16:15:10,072 INFO:   Batch 28000/53207 | Batch Loss: 0.2498
2025-06-27 16:16:11,750 INFO:   Batch 30000/53207 | Batch Loss: 0.2776
2025-06-27 16:17:13,439 INFO:   Batch 32000/53207 | Batch Loss: 0.2491
2025-06-27 16:18:15,119 INFO:   Batch 34000/53207 | Batch Loss: 0.2449
2025-06-27 16:19:16,821 INFO:   Batch 36000/53207 | Batch Loss: 0.2057
2025-06-27 16:20:18,506 INFO:   Batch 38000/53207 | Batch Loss: 0.2228
2025-06-27 16:21:20,714 INFO:   Batch 40000/53207 | Batch Loss: 0.2872
2025-06-27 16:22:21,886 INFO:   Batch 42000/53207 | Batch Loss: 0.2883
2025-06-27 16:23:23,570 INFO:   Batch 44000/53207 | Batch Loss: 0.2172
2025-06-27 16:24:25,270 INFO:   Batch 46000/53207 | Batch Loss: 0.2326
2025-06-27 16:25:26,985 INFO:   Batch 48000/53207 | Batch Loss: 0.1756
2025-06-27 16:26:28,655 INFO:   Batch 50000/53207 | Batch Loss: 0.3043
2025-06-27 16:27:30,352 INFO:   Batch 52000/53207 | Batch Loss: 0.2214
2025-06-27 16:28:07,568 INFO:   Batch 53207/53207 | Batch Loss: 0.2403
2025-06-27 16:28:08,132 INFO: Epoch 5 training complete. Avg Loss: 0.2928
2025-06-27 16:28:08,149 INFO: Running validation...
2025-06-27 16:31:42,590 INFO: Validation NSE: 0.7364
2025-06-27 16:31:42,603 INFO: Epoch: 5  | Loss training: 0.293  | NSE validation: 0.736  | LR:0.00100  | Training time: 1855.6  s
2025-06-27 16:31:42,603 INFO: Total training time: 9279.0  s
2025-06-27 16:31:42,603 INFO: Starting testing phase...
2025-06-27 16:33:55,070 INFO: Batches in testing: 1800
2025-06-27 16:33:55,324 INFO: x_lstm: torch.Size([5479, 365, 9]) | y: torch.Size([5479, 1])
2025-06-27 16:33:56,407 INFO: Running test predictions...
2025-06-27 16:33:59,690 INFO:   Test batch 10/1800 complete
2025-06-27 16:34:02,963 INFO:   Test batch 20/1800 complete
2025-06-27 16:34:06,332 INFO:   Test batch 30/1800 complete
2025-06-27 16:34:09,412 INFO:   Test batch 40/1800 complete
2025-06-27 16:34:12,782 INFO:   Test batch 50/1800 complete
2025-06-27 16:34:15,246 INFO:   Test batch 60/1800 complete
2025-06-27 16:34:18,407 INFO:   Test batch 70/1800 complete
2025-06-27 16:34:21,556 INFO:   Test batch 80/1800 complete
2025-06-27 16:34:24,940 INFO:   Test batch 90/1800 complete
2025-06-27 16:34:28,242 INFO:   Test batch 100/1800 complete
2025-06-27 16:34:31,597 INFO:   Test batch 110/1800 complete
2025-06-27 16:34:34,877 INFO:   Test batch 120/1800 complete
2025-06-27 16:34:38,225 INFO:   Test batch 130/1800 complete
2025-06-27 16:34:41,479 INFO:   Test batch 140/1800 complete
2025-06-27 16:34:44,760 INFO:   Test batch 150/1800 complete
2025-06-27 16:34:48,032 INFO:   Test batch 160/1800 complete
2025-06-27 16:34:51,314 INFO:   Test batch 170/1800 complete
2025-06-27 16:34:54,726 INFO:   Test batch 180/1800 complete
2025-06-27 16:34:58,157 INFO:   Test batch 190/1800 complete
2025-06-27 16:35:01,533 INFO:   Test batch 200/1800 complete
2025-06-27 16:35:04,718 INFO:   Test batch 210/1800 complete
2025-06-27 16:35:07,902 INFO:   Test batch 220/1800 complete
2025-06-27 16:35:11,262 INFO:   Test batch 230/1800 complete
2025-06-27 16:35:14,616 INFO:   Test batch 240/1800 complete
2025-06-27 16:35:17,809 INFO:   Test batch 250/1800 complete
2025-06-27 16:35:21,000 INFO:   Test batch 260/1800 complete
2025-06-27 16:35:24,160 INFO:   Test batch 270/1800 complete
2025-06-27 16:35:27,531 INFO:   Test batch 280/1800 complete
2025-06-27 16:35:30,692 INFO:   Test batch 290/1800 complete
2025-06-27 16:35:33,140 INFO:   Test batch 300/1800 complete
2025-06-27 16:35:36,528 INFO:   Test batch 310/1800 complete
2025-06-27 16:35:39,852 INFO:   Test batch 320/1800 complete
2025-06-27 16:35:43,141 INFO:   Test batch 330/1800 complete
2025-06-27 16:35:46,504 INFO:   Test batch 340/1800 complete
2025-06-27 16:35:49,844 INFO:   Test batch 350/1800 complete
2025-06-27 16:35:53,085 INFO:   Test batch 360/1800 complete
2025-06-27 16:35:56,633 INFO:   Test batch 370/1800 complete
2025-06-27 16:35:59,828 INFO:   Test batch 380/1800 complete
2025-06-27 16:36:03,236 INFO:   Test batch 390/1800 complete
2025-06-27 16:36:06,615 INFO:   Test batch 400/1800 complete
2025-06-27 16:36:10,007 INFO:   Test batch 410/1800 complete
2025-06-27 16:36:13,342 INFO:   Test batch 420/1800 complete
2025-06-27 16:36:16,682 INFO:   Test batch 430/1800 complete
2025-06-27 16:36:19,885 INFO:   Test batch 440/1800 complete
2025-06-27 16:36:23,082 INFO:   Test batch 450/1800 complete
2025-06-27 16:36:26,401 INFO:   Test batch 460/1800 complete
2025-06-27 16:36:29,742 INFO:   Test batch 470/1800 complete
2025-06-27 16:36:32,791 INFO:   Test batch 480/1800 complete
2025-06-27 16:36:35,446 INFO:   Test batch 490/1800 complete
2025-06-27 16:36:38,571 INFO:   Test batch 500/1800 complete
2025-06-27 16:36:42,186 INFO:   Test batch 510/1800 complete
2025-06-27 16:36:45,443 INFO:   Test batch 520/1800 complete
2025-06-27 16:36:48,793 INFO:   Test batch 530/1800 complete
2025-06-27 16:36:52,033 INFO:   Test batch 540/1800 complete
2025-06-27 16:36:55,179 INFO:   Test batch 550/1800 complete
2025-06-27 16:36:58,637 INFO:   Test batch 560/1800 complete
2025-06-27 16:37:01,840 INFO:   Test batch 570/1800 complete
2025-06-27 16:37:05,088 INFO:   Test batch 580/1800 complete
2025-06-27 16:37:08,440 INFO:   Test batch 590/1800 complete
2025-06-27 16:37:11,588 INFO:   Test batch 600/1800 complete
2025-06-27 16:37:14,961 INFO:   Test batch 610/1800 complete
2025-06-27 16:37:18,104 INFO:   Test batch 620/1800 complete
2025-06-27 16:37:20,771 INFO:   Test batch 630/1800 complete
2025-06-27 16:37:23,970 INFO:   Test batch 640/1800 complete
2025-06-27 16:37:27,349 INFO:   Test batch 650/1800 complete
2025-06-27 16:37:30,655 INFO:   Test batch 660/1800 complete
2025-06-27 16:37:33,959 INFO:   Test batch 670/1800 complete
2025-06-27 16:37:37,265 INFO:   Test batch 680/1800 complete
2025-06-27 16:37:40,338 INFO:   Test batch 690/1800 complete
2025-06-27 16:37:43,763 INFO:   Test batch 700/1800 complete
2025-06-27 16:37:46,924 INFO:   Test batch 710/1800 complete
2025-06-27 16:37:50,113 INFO:   Test batch 720/1800 complete
2025-06-27 16:37:53,507 INFO:   Test batch 730/1800 complete
2025-06-27 16:37:56,755 INFO:   Test batch 740/1800 complete
2025-06-27 16:37:59,996 INFO:   Test batch 750/1800 complete
2025-06-27 16:38:03,503 INFO:   Test batch 760/1800 complete
2025-06-27 16:38:06,617 INFO:   Test batch 770/1800 complete
2025-06-27 16:38:09,070 INFO:   Test batch 780/1800 complete
2025-06-27 16:38:12,334 INFO:   Test batch 790/1800 complete
2025-06-27 16:38:15,653 INFO:   Test batch 800/1800 complete
2025-06-27 16:38:18,958 INFO:   Test batch 810/1800 complete
2025-06-27 16:38:22,330 INFO:   Test batch 820/1800 complete
2025-06-27 16:38:25,540 INFO:   Test batch 830/1800 complete
2025-06-27 16:38:28,947 INFO:   Test batch 840/1800 complete
2025-06-27 16:38:32,057 INFO:   Test batch 850/1800 complete
2025-06-27 16:38:35,425 INFO:   Test batch 860/1800 complete
2025-06-27 16:38:38,783 INFO:   Test batch 870/1800 complete
2025-06-27 16:38:42,131 INFO:   Test batch 880/1800 complete
2025-06-27 16:38:45,500 INFO:   Test batch 890/1800 complete
2025-06-27 16:38:48,721 INFO:   Test batch 900/1800 complete
2025-06-27 16:38:52,160 INFO:   Test batch 910/1800 complete
2025-06-27 16:38:54,611 INFO:   Test batch 920/1800 complete
2025-06-27 16:38:57,795 INFO:   Test batch 930/1800 complete
2025-06-27 16:39:01,133 INFO:   Test batch 940/1800 complete
2025-06-27 16:39:04,552 INFO:   Test batch 950/1800 complete
2025-06-27 16:39:07,807 INFO:   Test batch 960/1800 complete
2025-06-27 16:39:10,971 INFO:   Test batch 970/1800 complete
2025-06-27 16:39:14,439 INFO:   Test batch 980/1800 complete
2025-06-27 16:39:17,582 INFO:   Test batch 990/1800 complete
2025-06-27 16:39:20,948 INFO:   Test batch 1000/1800 complete
2025-06-27 16:39:24,388 INFO:   Test batch 1010/1800 complete
2025-06-27 16:39:27,578 INFO:   Test batch 1020/1800 complete
2025-06-27 16:39:30,919 INFO:   Test batch 1030/1800 complete
2025-06-27 16:39:34,089 INFO:   Test batch 1040/1800 complete
2025-06-27 16:39:37,249 INFO:   Test batch 1050/1800 complete
2025-06-27 16:39:39,914 INFO:   Test batch 1060/1800 complete
2025-06-27 16:39:43,059 INFO:   Test batch 1070/1800 complete
2025-06-27 16:39:46,140 INFO:   Test batch 1080/1800 complete
2025-06-27 16:39:49,495 INFO:   Test batch 1090/1800 complete
2025-06-27 16:39:52,769 INFO:   Test batch 1100/1800 complete
2025-06-27 16:39:55,864 INFO:   Test batch 1110/1800 complete
2025-06-27 16:39:59,356 INFO:   Test batch 1120/1800 complete
2025-06-27 16:40:02,452 INFO:   Test batch 1130/1800 complete
2025-06-27 16:40:05,872 INFO:   Test batch 1140/1800 complete
2025-06-27 16:40:09,261 INFO:   Test batch 1150/1800 complete
2025-06-27 16:40:12,527 INFO:   Test batch 1160/1800 complete
2025-06-27 16:40:16,056 INFO:   Test batch 1170/1800 complete
2025-06-27 16:40:19,436 INFO:   Test batch 1180/1800 complete
2025-06-27 16:40:22,608 INFO:   Test batch 1190/1800 complete
2025-06-27 16:40:25,827 INFO:   Test batch 1200/1800 complete
2025-06-27 16:40:28,253 INFO:   Test batch 1210/1800 complete
2025-06-27 16:40:31,638 INFO:   Test batch 1220/1800 complete
2025-06-27 16:40:34,888 INFO:   Test batch 1230/1800 complete
2025-06-27 16:40:38,076 INFO:   Test batch 1240/1800 complete
2025-06-27 16:40:41,251 INFO:   Test batch 1250/1800 complete
2025-06-27 16:40:44,588 INFO:   Test batch 1260/1800 complete
2025-06-27 16:40:47,945 INFO:   Test batch 1270/1800 complete
2025-06-27 16:40:51,297 INFO:   Test batch 1280/1800 complete
2025-06-27 16:40:54,487 INFO:   Test batch 1290/1800 complete
2025-06-27 16:40:57,907 INFO:   Test batch 1300/1800 complete
2025-06-27 16:41:01,341 INFO:   Test batch 1310/1800 complete
2025-06-27 16:41:03,990 INFO:   Test batch 1320/1800 complete
2025-06-27 16:41:07,381 INFO:   Test batch 1330/1800 complete
2025-06-27 16:41:10,718 INFO:   Test batch 1340/1800 complete
2025-06-27 16:41:14,014 INFO:   Test batch 1350/1800 complete
2025-06-27 16:41:17,250 INFO:   Test batch 1360/1800 complete
2025-06-27 16:41:20,515 INFO:   Test batch 1370/1800 complete
2025-06-27 16:41:23,627 INFO:   Test batch 1380/1800 complete
2025-06-27 16:41:27,002 INFO:   Test batch 1390/1800 complete
2025-06-27 16:41:30,191 INFO:   Test batch 1400/1800 complete
2025-06-27 16:41:33,305 INFO:   Test batch 1410/1800 complete
2025-06-27 16:41:36,712 INFO:   Test batch 1420/1800 complete
2025-06-27 16:41:39,900 INFO:   Test batch 1430/1800 complete
2025-06-27 16:41:42,364 INFO:   Test batch 1440/1800 complete
2025-06-27 16:41:45,725 INFO:   Test batch 1450/1800 complete
2025-06-27 16:41:49,101 INFO:   Test batch 1460/1800 complete
2025-06-27 16:41:52,259 INFO:   Test batch 1470/1800 complete
2025-06-27 16:41:55,456 INFO:   Test batch 1480/1800 complete
2025-06-27 16:41:58,678 INFO:   Test batch 1490/1800 complete
2025-06-27 16:42:01,762 INFO:   Test batch 1500/1800 complete
2025-06-27 16:42:05,193 INFO:   Test batch 1510/1800 complete
2025-06-27 16:42:08,560 INFO:   Test batch 1520/1800 complete
2025-06-27 16:42:11,963 INFO:   Test batch 1530/1800 complete
2025-06-27 16:42:15,208 INFO:   Test batch 1540/1800 complete
2025-06-27 16:42:18,587 INFO:   Test batch 1550/1800 complete
2025-06-27 16:42:21,079 INFO:   Test batch 1560/1800 complete
2025-06-27 16:42:24,548 INFO:   Test batch 1570/1800 complete
2025-06-27 16:42:27,880 INFO:   Test batch 1580/1800 complete
2025-06-27 16:42:31,077 INFO:   Test batch 1590/1800 complete
2025-06-27 16:42:34,426 INFO:   Test batch 1600/1800 complete
2025-06-27 16:42:37,795 INFO:   Test batch 1610/1800 complete
2025-06-27 16:42:40,987 INFO:   Test batch 1620/1800 complete
2025-06-27 16:42:44,186 INFO:   Test batch 1630/1800 complete
2025-06-27 16:42:47,563 INFO:   Test batch 1640/1800 complete
2025-06-27 16:42:51,080 INFO:   Test batch 1650/1800 complete
2025-06-27 16:42:53,559 INFO:   Test batch 1660/1800 complete
2025-06-27 16:42:56,877 INFO:   Test batch 1670/1800 complete
2025-06-27 16:43:00,186 INFO:   Test batch 1680/1800 complete
2025-06-27 16:43:03,606 INFO:   Test batch 1690/1800 complete
2025-06-27 16:43:06,856 INFO:   Test batch 1700/1800 complete
2025-06-27 16:43:10,279 INFO:   Test batch 1710/1800 complete
2025-06-27 16:43:13,680 INFO:   Test batch 1720/1800 complete
2025-06-27 16:43:16,915 INFO:   Test batch 1730/1800 complete
2025-06-27 16:43:20,327 INFO:   Test batch 1740/1800 complete
2025-06-27 16:43:22,986 INFO:   Test batch 1750/1800 complete
2025-06-27 16:43:26,434 INFO:   Test batch 1760/1800 complete
2025-06-27 16:43:29,816 INFO:   Test batch 1770/1800 complete
2025-06-27 16:43:33,125 INFO:   Test batch 1780/1800 complete
2025-06-27 16:43:36,461 INFO:   Test batch 1790/1800 complete
2025-06-27 16:43:39,547 INFO:   Test batch 1800/1800 complete
2025-06-27 16:43:39,749 INFO: Test NSE calculation complete.
2025-06-27 16:43:52,976 INFO: Starting Out of sample testing phase...
2025-06-27 16:43:53,956 INFO: Batches in testing: 5
2025-06-27 16:43:54,421 INFO: x_lstm: torch.Size([14976, 365, 9]) | y: torch.Size([14976, 1])
2025-06-27 16:43:54,529 INFO: Running test predictions for ungauged basins...
2025-06-27 16:43:58,777 INFO:   Test batch 5/5 complete
2025-06-27 16:43:58,791 INFO: Ungauged NSE calculation complete.
2025-06-27 16:43:58,909 INFO: Run for seed 47998 complete. Results saved in ../results/with_discharge_haicore/seed_47998
2025-06-27 16:43:58,909 INFO: ========== Starting run for seed 6697 ==========
2025-06-27 16:43:58,910 INFO: Results will be saved in: ../results/with_discharge_haicore/seed_6697
2025-06-27 16:43:58,910 INFO: Setting random seed: 6697
2025-06-27 16:43:58,911 INFO: Initializing training dataset...
2025-06-27 16:47:11,780 INFO: Calculating basin std for training dataset...
2025-06-27 16:47:11,930 INFO: Calculating global statistics for training dataset...
2025-06-27 16:47:14,290 INFO: Standardizing training dataset...
2025-06-27 16:47:14,481 INFO: Initializing validation dataset...
2025-06-27 16:49:21,564 INFO: Standardizing validation dataset...
2025-06-27 16:49:21,622 INFO: Creating data loaders...
2025-06-27 16:49:22,136 INFO: Batches in training: 53207
2025-06-27 16:49:22,713 INFO: x_lstm: torch.Size([256, 365, 9]) | y: torch.Size([256, 1]) | per_basin_target_std: torch.Size([256, 1])
2025-06-27 16:49:23,249 INFO: Batches in validation: 1800
2025-06-27 16:49:23,356 INFO: x_lstm: torch.Size([2192, 365, 9]) | y: torch.Size([2192, 1])
2025-06-27 16:49:23,814 INFO: Initializing model, optimizer, and scheduler...
2025-06-27 16:49:23,818 INFO: No checkpoint found. Starting from scratch.
2025-06-27 16:49:23,818 INFO: Starting training loop...
2025-06-27 16:49:23,818 INFO: --- Seed 6697 | Epoch 1/5 ---
2025-06-27 16:50:25,228 INFO:   Batch 2000/53207 | Batch Loss: 0.4161
2025-06-27 16:51:26,883 INFO:   Batch 4000/53207 | Batch Loss: 0.4415
2025-06-27 16:52:29,325 INFO:   Batch 6000/53207 | Batch Loss: 0.4194
2025-06-27 16:53:30,590 INFO:   Batch 8000/53207 | Batch Loss: 0.5158
2025-06-27 16:54:32,716 INFO:   Batch 10000/53207 | Batch Loss: 0.3754
2025-06-27 16:55:34,113 INFO:   Batch 12000/53207 | Batch Loss: 0.5318
2025-06-27 16:56:35,978 INFO:   Batch 14000/53207 | Batch Loss: 0.4833
2025-06-27 16:57:37,535 INFO:   Batch 16000/53207 | Batch Loss: 0.4036
2025-06-27 16:58:39,363 INFO:   Batch 18000/53207 | Batch Loss: 0.2400
2025-06-27 16:59:40,317 INFO:   Batch 20000/53207 | Batch Loss: 0.3679
2025-06-27 17:00:42,000 INFO:   Batch 22000/53207 | Batch Loss: 0.4903
2025-06-27 17:01:43,636 INFO:   Batch 24000/53207 | Batch Loss: 0.4760
2025-06-27 17:02:45,336 INFO:   Batch 26000/53207 | Batch Loss: 0.2925
2025-06-27 17:03:47,135 INFO:   Batch 28000/53207 | Batch Loss: 0.5813
2025-06-27 17:04:48,672 INFO:   Batch 30000/53207 | Batch Loss: 0.4136
2025-06-27 17:05:50,387 INFO:   Batch 32000/53207 | Batch Loss: 0.2913
2025-06-27 17:06:52,243 INFO:   Batch 34000/53207 | Batch Loss: 0.2450
2025-06-27 17:07:53,849 INFO:   Batch 36000/53207 | Batch Loss: 0.4878
2025-06-27 17:08:55,518 INFO:   Batch 38000/53207 | Batch Loss: 0.2816
2025-06-27 17:09:57,064 INFO:   Batch 40000/53207 | Batch Loss: 0.3675
2025-06-27 17:10:58,740 INFO:   Batch 42000/53207 | Batch Loss: 0.2885
2025-06-27 17:12:00,401 INFO:   Batch 44000/53207 | Batch Loss: 0.2794
2025-06-27 17:13:02,065 INFO:   Batch 46000/53207 | Batch Loss: 0.6653
2025-06-27 17:14:03,754 INFO:   Batch 48000/53207 | Batch Loss: 0.3975
2025-06-27 17:15:05,440 INFO:   Batch 50000/53207 | Batch Loss: 0.2368
2025-06-27 17:16:07,115 INFO:   Batch 52000/53207 | Batch Loss: 0.3463
2025-06-27 17:16:44,326 INFO:   Batch 53207/53207 | Batch Loss: 0.2421
2025-06-27 17:16:44,876 INFO: Epoch 1 training complete. Avg Loss: 0.3968
2025-06-27 17:16:44,906 INFO: Running validation...
2025-06-27 17:20:18,874 INFO: Validation NSE: 0.6906
2025-06-27 17:20:18,884 INFO: Epoch: 1  | Loss training: 0.397  | NSE validation: 0.691  | LR:0.00100  | Training time: 1855.1  s
2025-06-27 17:20:18,885 INFO: --- Seed 6697 | Epoch 2/5 ---
2025-06-27 17:21:20,712 INFO:   Batch 2000/53207 | Batch Loss: 0.3605
2025-06-27 17:22:22,427 INFO:   Batch 4000/53207 | Batch Loss: 0.2459
2025-06-27 17:23:24,079 INFO:   Batch 6000/53207 | Batch Loss: 0.5361
2025-06-27 17:24:25,771 INFO:   Batch 8000/53207 | Batch Loss: 0.3451
2025-06-27 17:25:27,437 INFO:   Batch 10000/53207 | Batch Loss: 0.5038
2025-06-27 17:26:29,103 INFO:   Batch 12000/53207 | Batch Loss: 0.3069
2025-06-27 17:27:30,768 INFO:   Batch 14000/53207 | Batch Loss: 0.3282
2025-06-27 17:28:32,440 INFO:   Batch 16000/53207 | Batch Loss: 0.4163
2025-06-27 17:29:34,075 INFO:   Batch 18000/53207 | Batch Loss: 0.3455
2025-06-27 17:30:35,759 INFO:   Batch 20000/53207 | Batch Loss: 0.2145
2025-06-27 17:31:37,392 INFO:   Batch 22000/53207 | Batch Loss: 0.2940
2025-06-27 17:32:39,044 INFO:   Batch 24000/53207 | Batch Loss: 0.1970
2025-06-27 17:33:40,706 INFO:   Batch 26000/53207 | Batch Loss: 0.2870
2025-06-27 17:34:42,358 INFO:   Batch 28000/53207 | Batch Loss: 0.2993
2025-06-27 17:35:44,015 INFO:   Batch 30000/53207 | Batch Loss: 0.2724
2025-06-27 17:36:45,703 INFO:   Batch 32000/53207 | Batch Loss: 0.4478
2025-06-27 17:37:47,447 INFO:   Batch 34000/53207 | Batch Loss: 0.1972
2025-06-27 17:38:49,007 INFO:   Batch 36000/53207 | Batch Loss: 0.3210
2025-06-27 17:39:50,646 INFO:   Batch 38000/53207 | Batch Loss: 0.5202
2025-06-27 17:40:52,298 INFO:   Batch 40000/53207 | Batch Loss: 0.2805
2025-06-27 17:41:53,979 INFO:   Batch 42000/53207 | Batch Loss: 0.4657
2025-06-27 17:42:55,617 INFO:   Batch 44000/53207 | Batch Loss: 0.3721
2025-06-27 17:43:57,252 INFO:   Batch 46000/53207 | Batch Loss: 0.3538
2025-06-27 17:44:58,918 INFO:   Batch 48000/53207 | Batch Loss: 0.2362
2025-06-27 17:46:00,586 INFO:   Batch 50000/53207 | Batch Loss: 0.1980
2025-06-27 17:47:02,322 INFO:   Batch 52000/53207 | Batch Loss: 0.3010
2025-06-27 17:47:39,511 INFO:   Batch 53207/53207 | Batch Loss: 0.4178
2025-06-27 17:47:40,059 INFO: Epoch 2 training complete. Avg Loss: 0.3486
2025-06-27 17:47:40,079 INFO: Running validation...
2025-06-27 17:51:14,493 INFO: Validation NSE: 0.7016
2025-06-27 17:51:14,506 INFO: Epoch: 2  | Loss training: 0.349  | NSE validation: 0.702  | LR:0.00100  | Training time: 1855.6  s
2025-06-27 17:51:14,507 INFO: --- Seed 6697 | Epoch 3/5 ---
2025-06-27 17:52:16,203 INFO:   Batch 2000/53207 | Batch Loss: 0.3144
2025-06-27 17:53:17,627 INFO:   Batch 4000/53207 | Batch Loss: 0.5396
2025-06-27 17:54:19,526 INFO:   Batch 6000/53207 | Batch Loss: 0.2325
2025-06-27 17:55:21,252 INFO:   Batch 8000/53207 | Batch Loss: 0.2860
2025-06-27 17:56:23,011 INFO:   Batch 10000/53207 | Batch Loss: 0.2468
2025-06-27 17:57:24,691 INFO:   Batch 12000/53207 | Batch Loss: 0.3598
2025-06-27 17:58:26,499 INFO:   Batch 14000/53207 | Batch Loss: 0.2139
2025-06-27 17:59:28,249 INFO:   Batch 16000/53207 | Batch Loss: 0.3922
2025-06-27 18:00:29,288 INFO:   Batch 18000/53207 | Batch Loss: 0.2410
2025-06-27 18:01:30,955 INFO:   Batch 20000/53207 | Batch Loss: 0.3679
2025-06-27 18:02:32,653 INFO:   Batch 22000/53207 | Batch Loss: 0.2832
2025-06-27 18:03:34,338 INFO:   Batch 24000/53207 | Batch Loss: 0.2278
2025-06-27 18:04:36,029 INFO:   Batch 26000/53207 | Batch Loss: 0.2826
2025-06-27 18:05:37,768 INFO:   Batch 28000/53207 | Batch Loss: 0.2624
2025-06-27 18:06:39,387 INFO:   Batch 30000/53207 | Batch Loss: 0.3567
2025-06-27 18:07:41,116 INFO:   Batch 32000/53207 | Batch Loss: 0.3178
2025-06-27 18:08:42,776 INFO:   Batch 34000/53207 | Batch Loss: 0.3162
2025-06-27 18:09:44,461 INFO:   Batch 36000/53207 | Batch Loss: 0.4797
2025-06-27 18:10:46,156 INFO:   Batch 38000/53207 | Batch Loss: 0.4678
2025-06-27 18:11:47,857 INFO:   Batch 40000/53207 | Batch Loss: 0.3509
2025-06-27 18:12:49,541 INFO:   Batch 42000/53207 | Batch Loss: 0.3085
2025-06-27 18:13:51,248 INFO:   Batch 44000/53207 | Batch Loss: 0.3089
2025-06-27 18:14:52,911 INFO:   Batch 46000/53207 | Batch Loss: 0.4462
2025-06-27 18:15:54,606 INFO:   Batch 48000/53207 | Batch Loss: 0.2825
2025-06-27 18:16:56,287 INFO:   Batch 50000/53207 | Batch Loss: 0.5580
2025-06-27 18:17:57,963 INFO:   Batch 52000/53207 | Batch Loss: 0.3228
2025-06-27 18:18:35,205 INFO:   Batch 53207/53207 | Batch Loss: 0.2987
2025-06-27 18:18:35,748 INFO: Epoch 3 training complete. Avg Loss: 0.3379
2025-06-27 18:18:35,766 INFO: Running validation...
2025-06-27 18:22:10,041 INFO: Validation NSE: 0.7186
2025-06-27 18:22:10,053 INFO: Epoch: 3  | Loss training: 0.338  | NSE validation: 0.719  | LR:0.00100  | Training time: 1855.5  s
2025-06-27 18:22:10,054 INFO: --- Seed 6697 | Epoch 4/5 ---
2025-06-27 18:23:11,677 INFO:   Batch 2000/53207 | Batch Loss: 0.4907
2025-06-27 18:24:13,003 INFO:   Batch 4000/53207 | Batch Loss: 0.3196
2025-06-27 18:25:14,856 INFO:   Batch 6000/53207 | Batch Loss: 0.2014
2025-06-27 18:26:16,425 INFO:   Batch 8000/53207 | Batch Loss: 0.3693
2025-06-27 18:27:18,540 INFO:   Batch 10000/53207 | Batch Loss: 0.3859
2025-06-27 18:28:20,081 INFO:   Batch 12000/53207 | Batch Loss: 0.4500
2025-06-27 18:29:21,934 INFO:   Batch 14000/53207 | Batch Loss: 0.2205
2025-06-27 18:30:23,480 INFO:   Batch 16000/53207 | Batch Loss: 0.2501
2025-06-27 18:31:25,254 INFO:   Batch 18000/53207 | Batch Loss: 0.2630
2025-06-27 18:32:26,916 INFO:   Batch 20000/53207 | Batch Loss: 0.3012
2025-06-27 18:33:28,579 INFO:   Batch 22000/53207 | Batch Loss: 0.3019
2025-06-27 18:34:30,424 INFO:   Batch 24000/53207 | Batch Loss: 0.3530
2025-06-27 18:35:32,054 INFO:   Batch 26000/53207 | Batch Loss: 0.1986
2025-06-27 18:36:33,812 INFO:   Batch 28000/53207 | Batch Loss: 0.3791
2025-06-27 18:37:34,881 INFO:   Batch 30000/53207 | Batch Loss: 0.5793
2025-06-27 18:38:36,574 INFO:   Batch 32000/53207 | Batch Loss: 0.4783
2025-06-27 18:39:38,229 INFO:   Batch 34000/53207 | Batch Loss: 0.3224
2025-06-27 18:40:39,914 INFO:   Batch 36000/53207 | Batch Loss: 0.2242
2025-06-27 18:41:41,627 INFO:   Batch 38000/53207 | Batch Loss: 0.4176
2025-06-27 18:42:43,301 INFO:   Batch 40000/53207 | Batch Loss: 0.2193
2025-06-27 18:43:44,987 INFO:   Batch 42000/53207 | Batch Loss: 0.2517
2025-06-27 18:44:46,668 INFO:   Batch 44000/53207 | Batch Loss: 0.2162
2025-06-27 18:45:48,342 INFO:   Batch 46000/53207 | Batch Loss: 0.2757
2025-06-27 18:46:50,038 INFO:   Batch 48000/53207 | Batch Loss: 0.3624
2025-06-27 18:47:51,708 INFO:   Batch 50000/53207 | Batch Loss: 0.2499
2025-06-27 18:48:53,545 INFO:   Batch 52000/53207 | Batch Loss: 0.2106
2025-06-27 18:49:31,002 INFO:   Batch 53207/53207 | Batch Loss: 0.3336
2025-06-27 18:49:31,534 INFO: Epoch 4 training complete. Avg Loss: 0.3158
2025-06-27 18:49:31,552 INFO: Running validation...
2025-06-27 18:53:05,668 INFO: Validation NSE: 0.7204
2025-06-27 18:53:05,682 INFO: Epoch: 4  | Loss training: 0.316  | NSE validation: 0.720  | LR:0.00100  | Training time: 1855.6  s
2025-06-27 18:53:05,682 INFO: --- Seed 6697 | Epoch 5/5 ---
2025-06-27 18:54:07,047 INFO:   Batch 2000/53207 | Batch Loss: 0.2622
2025-06-27 18:55:08,752 INFO:   Batch 4000/53207 | Batch Loss: 0.3317
2025-06-27 18:56:10,373 INFO:   Batch 6000/53207 | Batch Loss: 0.2590
2025-06-27 18:57:12,374 INFO:   Batch 8000/53207 | Batch Loss: 0.4008
2025-06-27 18:58:13,727 INFO:   Batch 10000/53207 | Batch Loss: 0.1944
2025-06-27 18:59:15,438 INFO:   Batch 12000/53207 | Batch Loss: 0.4893
2025-06-27 19:00:17,132 INFO:   Batch 14000/53207 | Batch Loss: 0.2859
2025-06-27 19:01:18,782 INFO:   Batch 16000/53207 | Batch Loss: 0.4857
2025-06-27 19:02:20,464 INFO:   Batch 18000/53207 | Batch Loss: 0.4270
2025-06-27 19:03:22,171 INFO:   Batch 20000/53207 | Batch Loss: 0.4774
2025-06-27 19:04:23,838 INFO:   Batch 22000/53207 | Batch Loss: 0.2197
2025-06-27 19:05:25,533 INFO:   Batch 24000/53207 | Batch Loss: 0.4257
2025-06-27 19:06:27,222 INFO:   Batch 26000/53207 | Batch Loss: 0.3893
2025-06-27 19:07:28,880 INFO:   Batch 28000/53207 | Batch Loss: 0.2759
2025-06-27 19:08:30,563 INFO:   Batch 30000/53207 | Batch Loss: 0.2358
2025-06-27 19:09:32,237 INFO:   Batch 32000/53207 | Batch Loss: 0.4671
2025-06-27 19:10:33,907 INFO:   Batch 34000/53207 | Batch Loss: 0.2832
2025-06-27 19:11:35,576 INFO:   Batch 36000/53207 | Batch Loss: 0.3876
2025-06-27 19:12:37,273 INFO:   Batch 38000/53207 | Batch Loss: 0.2466
2025-06-27 19:13:38,987 INFO:   Batch 40000/53207 | Batch Loss: 0.2800
2025-06-27 19:14:40,629 INFO:   Batch 42000/53207 | Batch Loss: 0.3132
2025-06-27 19:15:42,330 INFO:   Batch 44000/53207 | Batch Loss: 0.2554
2025-06-27 19:16:44,315 INFO:   Batch 46000/53207 | Batch Loss: 0.2801
2025-06-27 19:17:45,851 INFO:   Batch 48000/53207 | Batch Loss: 0.2328
2025-06-27 19:18:47,696 INFO:   Batch 50000/53207 | Batch Loss: 0.2980
2025-06-27 19:19:49,522 INFO:   Batch 52000/53207 | Batch Loss: 0.3428
2025-06-27 19:20:26,289 INFO:   Batch 53207/53207 | Batch Loss: 0.3679
2025-06-27 19:20:26,847 INFO: Epoch 5 training complete. Avg Loss: 0.3029
2025-06-27 19:20:26,867 INFO: Running validation...
2025-06-27 19:24:01,103 INFO: Validation NSE: 0.7349
2025-06-27 19:24:01,117 INFO: Epoch: 5  | Loss training: 0.303  | NSE validation: 0.735  | LR:0.00100  | Training time: 1855.4  s
2025-06-27 19:24:01,117 INFO: Total training time: 9277.3  s
2025-06-27 19:24:01,118 INFO: Starting testing phase...
2025-06-27 19:26:15,531 INFO: Batches in testing: 1800
2025-06-27 19:26:15,778 INFO: x_lstm: torch.Size([5479, 365, 9]) | y: torch.Size([5479, 1])
2025-06-27 19:26:16,876 INFO: Running test predictions...
2025-06-27 19:26:19,933 INFO:   Test batch 10/1800 complete
2025-06-27 19:26:23,310 INFO:   Test batch 20/1800 complete
2025-06-27 19:26:26,600 INFO:   Test batch 30/1800 complete
2025-06-27 19:26:29,851 INFO:   Test batch 40/1800 complete
2025-06-27 19:26:33,119 INFO:   Test batch 50/1800 complete
2025-06-27 19:26:35,574 INFO:   Test batch 60/1800 complete
2025-06-27 19:26:38,980 INFO:   Test batch 70/1800 complete
2025-06-27 19:26:42,362 INFO:   Test batch 80/1800 complete
2025-06-27 19:26:45,596 INFO:   Test batch 90/1800 complete
2025-06-27 19:26:48,801 INFO:   Test batch 100/1800 complete
2025-06-27 19:26:52,054 INFO:   Test batch 110/1800 complete
2025-06-27 19:26:55,335 INFO:   Test batch 120/1800 complete
2025-06-27 19:26:58,585 INFO:   Test batch 130/1800 complete
2025-06-27 19:27:01,802 INFO:   Test batch 140/1800 complete
2025-06-27 19:27:05,264 INFO:   Test batch 150/1800 complete
2025-06-27 19:27:08,369 INFO:   Test batch 160/1800 complete
2025-06-27 19:27:11,677 INFO:   Test batch 170/1800 complete
2025-06-27 19:27:14,786 INFO:   Test batch 180/1800 complete
2025-06-27 19:27:18,165 INFO:   Test batch 190/1800 complete
2025-06-27 19:27:21,511 INFO:   Test batch 200/1800 complete
2025-06-27 19:27:24,727 INFO:   Test batch 210/1800 complete
2025-06-27 19:27:28,104 INFO:   Test batch 220/1800 complete
2025-06-27 19:27:31,494 INFO:   Test batch 230/1800 complete
2025-06-27 19:27:34,799 INFO:   Test batch 240/1800 complete
2025-06-27 19:27:38,224 INFO:   Test batch 250/1800 complete
2025-06-27 19:27:40,891 INFO:   Test batch 260/1800 complete
2025-06-27 19:27:44,121 INFO:   Test batch 270/1800 complete
2025-06-27 19:27:47,285 INFO:   Test batch 280/1800 complete
2025-06-27 19:27:50,511 INFO:   Test batch 290/1800 complete
2025-06-27 19:27:53,770 INFO:   Test batch 300/1800 complete
2025-06-27 19:27:56,957 INFO:   Test batch 310/1800 complete
2025-06-27 19:28:00,180 INFO:   Test batch 320/1800 complete
2025-06-27 19:28:03,366 INFO:   Test batch 330/1800 complete
2025-06-27 19:28:06,620 INFO:   Test batch 340/1800 complete
2025-06-27 19:28:09,925 INFO:   Test batch 350/1800 complete
2025-06-27 19:28:12,991 INFO:   Test batch 360/1800 complete
2025-06-27 19:28:16,420 INFO:   Test batch 370/1800 complete
2025-06-27 19:28:19,590 INFO:   Test batch 380/1800 complete
2025-06-27 19:28:22,741 INFO:   Test batch 390/1800 complete
2025-06-27 19:28:25,937 INFO:   Test batch 400/1800 complete
2025-06-27 19:28:29,291 INFO:   Test batch 410/1800 complete
2025-06-27 19:28:32,484 INFO:   Test batch 420/1800 complete
2025-06-27 19:28:35,930 INFO:   Test batch 430/1800 complete
2025-06-27 19:28:39,354 INFO:   Test batch 440/1800 complete
2025-06-27 19:28:42,576 INFO:   Test batch 450/1800 complete
2025-06-27 19:28:44,998 INFO:   Test batch 460/1800 complete
2025-06-27 19:28:48,194 INFO:   Test batch 470/1800 complete
2025-06-27 19:28:51,637 INFO:   Test batch 480/1800 complete
2025-06-27 19:28:54,773 INFO:   Test batch 490/1800 complete
2025-06-27 19:28:58,026 INFO:   Test batch 500/1800 complete
2025-06-27 19:29:01,210 INFO:   Test batch 510/1800 complete
2025-06-27 19:29:04,454 INFO:   Test batch 520/1800 complete
2025-06-27 19:29:07,774 INFO:   Test batch 530/1800 complete
2025-06-27 19:29:10,911 INFO:   Test batch 540/1800 complete
2025-06-27 19:29:14,068 INFO:   Test batch 550/1800 complete
2025-06-27 19:29:17,410 INFO:   Test batch 560/1800 complete
2025-06-27 19:29:20,570 INFO:   Test batch 570/1800 complete
2025-06-27 19:29:23,786 INFO:   Test batch 580/1800 complete
2025-06-27 19:29:27,141 INFO:   Test batch 590/1800 complete
2025-06-27 19:29:30,213 INFO:   Test batch 600/1800 complete
2025-06-27 19:29:33,416 INFO:   Test batch 610/1800 complete
2025-06-27 19:29:36,080 INFO:   Test batch 620/1800 complete
2025-06-27 19:29:39,315 INFO:   Test batch 630/1800 complete
2025-06-27 19:29:42,597 INFO:   Test batch 640/1800 complete
2025-06-27 19:29:45,948 INFO:   Test batch 650/1800 complete
2025-06-27 19:29:49,078 INFO:   Test batch 660/1800 complete
2025-06-27 19:29:52,264 INFO:   Test batch 670/1800 complete
2025-06-27 19:29:55,527 INFO:   Test batch 680/1800 complete
2025-06-27 19:29:58,979 INFO:   Test batch 690/1800 complete
2025-06-27 19:30:02,304 INFO:   Test batch 700/1800 complete
2025-06-27 19:30:05,692 INFO:   Test batch 710/1800 complete
2025-06-27 19:30:08,841 INFO:   Test batch 720/1800 complete
2025-06-27 19:30:11,946 INFO:   Test batch 730/1800 complete
2025-06-27 19:30:15,118 INFO:   Test batch 740/1800 complete
2025-06-27 19:30:18,263 INFO:   Test batch 750/1800 complete
2025-06-27 19:30:20,823 INFO:   Test batch 760/1800 complete
2025-06-27 19:30:24,191 INFO:   Test batch 770/1800 complete
2025-06-27 19:30:27,273 INFO:   Test batch 780/1800 complete
2025-06-27 19:30:30,358 INFO:   Test batch 790/1800 complete
2025-06-27 19:30:33,723 INFO:   Test batch 800/1800 complete
2025-06-27 19:30:36,879 INFO:   Test batch 810/1800 complete
2025-06-27 19:30:40,211 INFO:   Test batch 820/1800 complete
2025-06-27 19:30:43,476 INFO:   Test batch 830/1800 complete
2025-06-27 19:30:46,938 INFO:   Test batch 840/1800 complete
2025-06-27 19:30:50,304 INFO:   Test batch 850/1800 complete
2025-06-27 19:30:53,539 INFO:   Test batch 860/1800 complete
2025-06-27 19:30:56,781 INFO:   Test batch 870/1800 complete
2025-06-27 19:31:00,178 INFO:   Test batch 880/1800 complete
2025-06-27 19:31:03,422 INFO:   Test batch 890/1800 complete
2025-06-27 19:31:06,544 INFO:   Test batch 900/1800 complete
2025-06-27 19:31:09,182 INFO:   Test batch 910/1800 complete
2025-06-27 19:31:12,554 INFO:   Test batch 920/1800 complete
2025-06-27 19:31:15,730 INFO:   Test batch 930/1800 complete
2025-06-27 19:31:18,895 INFO:   Test batch 940/1800 complete
2025-06-27 19:31:21,903 INFO:   Test batch 950/1800 complete
2025-06-27 19:31:25,227 INFO:   Test batch 960/1800 complete
2025-06-27 19:31:28,281 INFO:   Test batch 970/1800 complete
2025-06-27 19:31:31,601 INFO:   Test batch 980/1800 complete
2025-06-27 19:31:34,738 INFO:   Test batch 990/1800 complete
2025-06-27 19:31:38,065 INFO:   Test batch 1000/1800 complete
2025-06-27 19:31:41,393 INFO:   Test batch 1010/1800 complete
2025-06-27 19:31:44,874 INFO:   Test batch 1020/1800 complete
2025-06-27 19:31:48,005 INFO:   Test batch 1030/1800 complete
2025-06-27 19:31:51,224 INFO:   Test batch 1040/1800 complete
2025-06-27 19:31:53,865 INFO:   Test batch 1050/1800 complete
2025-06-27 19:31:56,998 INFO:   Test batch 1060/1800 complete
2025-06-27 19:32:00,414 INFO:   Test batch 1070/1800 complete
2025-06-27 19:32:03,772 INFO:   Test batch 1080/1800 complete
2025-06-27 19:32:07,052 INFO:   Test batch 1090/1800 complete
2025-06-27 19:32:10,100 INFO:   Test batch 1100/1800 complete
2025-06-27 19:32:13,397 INFO:   Test batch 1110/1800 complete
2025-06-27 19:32:16,556 INFO:   Test batch 1120/1800 complete
2025-06-27 19:32:19,884 INFO:   Test batch 1130/1800 complete
2025-06-27 19:32:23,201 INFO:   Test batch 1140/1800 complete
2025-06-27 19:32:26,377 INFO:   Test batch 1150/1800 complete
2025-06-27 19:32:29,508 INFO:   Test batch 1160/1800 complete
2025-06-27 19:32:32,700 INFO:   Test batch 1170/1800 complete
2025-06-27 19:32:35,197 INFO:   Test batch 1180/1800 complete
2025-06-27 19:32:38,332 INFO:   Test batch 1190/1800 complete
2025-06-27 19:32:41,627 INFO:   Test batch 1200/1800 complete
2025-06-27 19:32:44,717 INFO:   Test batch 1210/1800 complete
2025-06-27 19:32:48,052 INFO:   Test batch 1220/1800 complete
2025-06-27 19:32:51,210 INFO:   Test batch 1230/1800 complete
2025-06-27 19:32:54,491 INFO:   Test batch 1240/1800 complete
2025-06-27 19:32:57,721 INFO:   Test batch 1250/1800 complete
2025-06-27 19:33:00,874 INFO:   Test batch 1260/1800 complete
2025-06-27 19:33:04,257 INFO:   Test batch 1270/1800 complete
2025-06-27 19:33:07,530 INFO:   Test batch 1280/1800 complete
2025-06-27 19:33:10,722 INFO:   Test batch 1290/1800 complete
2025-06-27 19:33:13,362 INFO:   Test batch 1300/1800 complete
2025-06-27 19:33:16,555 INFO:   Test batch 1310/1800 complete
2025-06-27 19:33:19,922 INFO:   Test batch 1320/1800 complete
2025-06-27 19:33:23,013 INFO:   Test batch 1330/1800 complete
2025-06-27 19:33:26,397 INFO:   Test batch 1340/1800 complete
2025-06-27 19:33:29,575 INFO:   Test batch 1350/1800 complete
2025-06-27 19:33:32,966 INFO:   Test batch 1360/1800 complete
2025-06-27 19:33:36,381 INFO:   Test batch 1370/1800 complete
2025-06-27 19:33:39,542 INFO:   Test batch 1380/1800 complete
2025-06-27 19:33:42,910 INFO:   Test batch 1390/1800 complete
2025-06-27 19:33:46,064 INFO:   Test batch 1400/1800 complete
2025-06-27 19:33:49,427 INFO:   Test batch 1410/1800 complete
2025-06-27 19:33:52,631 INFO:   Test batch 1420/1800 complete
2025-06-27 19:33:55,311 INFO:   Test batch 1430/1800 complete
2025-06-27 19:33:58,565 INFO:   Test batch 1440/1800 complete
2025-06-27 19:34:01,782 INFO:   Test batch 1450/1800 complete
2025-06-27 19:34:05,051 INFO:   Test batch 1460/1800 complete
2025-06-27 19:34:08,331 INFO:   Test batch 1470/1800 complete
2025-06-27 19:34:11,489 INFO:   Test batch 1480/1800 complete
2025-06-27 19:34:14,898 INFO:   Test batch 1490/1800 complete
2025-06-27 19:34:18,130 INFO:   Test batch 1500/1800 complete
2025-06-27 19:34:21,286 INFO:   Test batch 1510/1800 complete
2025-06-27 19:34:24,625 INFO:   Test batch 1520/1800 complete
2025-06-27 19:34:27,848 INFO:   Test batch 1530/1800 complete
2025-06-27 19:34:31,038 INFO:   Test batch 1540/1800 complete
2025-06-27 19:34:33,489 INFO:   Test batch 1550/1800 complete
2025-06-27 19:34:36,679 INFO:   Test batch 1560/1800 complete
2025-06-27 19:34:39,767 INFO:   Test batch 1570/1800 complete
2025-06-27 19:34:43,079 INFO:   Test batch 1580/1800 complete
2025-06-27 19:34:46,198 INFO:   Test batch 1590/1800 complete
2025-06-27 19:34:49,600 INFO:   Test batch 1600/1800 complete
2025-06-27 19:34:52,780 INFO:   Test batch 1610/1800 complete
2025-06-27 19:34:55,928 INFO:   Test batch 1620/1800 complete
2025-06-27 19:34:59,201 INFO:   Test batch 1630/1800 complete
2025-06-27 19:35:02,618 INFO:   Test batch 1640/1800 complete
2025-06-27 19:35:05,913 INFO:   Test batch 1650/1800 complete
2025-06-27 19:35:08,379 INFO:   Test batch 1660/1800 complete
2025-06-27 19:35:11,644 INFO:   Test batch 1670/1800 complete
2025-06-27 19:35:14,713 INFO:   Test batch 1680/1800 complete
2025-06-27 19:35:18,173 INFO:   Test batch 1690/1800 complete
2025-06-27 19:35:21,594 INFO:   Test batch 1700/1800 complete
2025-06-27 19:35:25,006 INFO:   Test batch 1710/1800 complete
2025-06-27 19:35:28,380 INFO:   Test batch 1720/1800 complete
2025-06-27 19:35:31,779 INFO:   Test batch 1730/1800 complete
2025-06-27 19:35:34,973 INFO:   Test batch 1740/1800 complete
2025-06-27 19:35:38,357 INFO:   Test batch 1750/1800 complete
2025-06-27 19:35:41,006 INFO:   Test batch 1760/1800 complete
2025-06-27 19:35:44,188 INFO:   Test batch 1770/1800 complete
2025-06-27 19:35:47,404 INFO:   Test batch 1780/1800 complete
2025-06-27 19:35:50,588 INFO:   Test batch 1790/1800 complete
2025-06-27 19:35:53,599 INFO:   Test batch 1800/1800 complete
2025-06-27 19:35:53,800 INFO: Test NSE calculation complete.
2025-06-27 19:36:06,922 INFO: Starting Out of sample testing phase...
2025-06-27 19:36:08,063 INFO: Batches in testing: 5
2025-06-27 19:36:08,523 INFO: x_lstm: torch.Size([14976, 365, 9]) | y: torch.Size([14976, 1])
2025-06-27 19:36:08,623 INFO: Running test predictions for ungauged basins...
2025-06-27 19:36:12,936 INFO:   Test batch 5/5 complete
2025-06-27 19:36:12,949 INFO: Ungauged NSE calculation complete.
2025-06-27 19:36:13,069 INFO: Run for seed 6697 complete. Results saved in ../results/with_discharge_haicore/seed_6697
2025-06-27 19:36:13,070 INFO: All seeds completed.
