Fri Jun 27 12:00:30 2025       
+-----------------------------------------------------------------------------------------+
| NVIDIA-SMI 570.86.15              Driver Version: 570.86.15      CUDA Version: 12.8     |
|-----------------------------------------+------------------------+----------------------+
| GPU  Name                 Persistence-M | Bus-Id          Disp.A | Volatile Uncorr. ECC |
| Fan  Temp   Perf          Pwr:Usage/Cap |           Memory-Usage | GPU-Util  Compute M. |
|                                         |                        |               MIG M. |
|=========================================+========================+======================|
|   0  NVIDIA A100 80GB PCIe          On  |   00000000:1B:00.0 Off |                    0 |
| N/A   36C    P0             54W /  300W |      27MiB /  81920MiB |      0%      Default |
|                                         |                        |             Disabled |
+-----------------------------------------+------------------------+----------------------+
                                                                                         
+-----------------------------------------------------------------------------------------+
| Processes:                                                                              |
|  GPU   GI   CI              PID   Type   Process name                        GPU Memory |
|        ID   ID                                                               Usage      |
|=========================================================================================|
|    0   N/A  N/A            2873      G   /usr/libexec/Xorg                        17MiB |
+-----------------------------------------------------------------------------------------+

============================= JOB FEEDBACK =============================

NodeName=uc2n903
Job ID: 606065
Cluster: uc3
User/Group: ka_as2023/ka_iwu
State: TIMEOUT (exit code 0)
Nodes: 1
Cores per node: 16
CPU Utilized: 00:00:00
CPU Efficiency: 0.00% of 2-16:03:44 core-walltime
Job Wall-clock time: 04:00:14
Memory Utilized: 7.93 GB
Memory Efficiency: 5.41% of 146.48 GB (146.48 GB/node)
