Requirement already satisfied: numba in /home/iwu/as2023/.local/lib/python3.11/site-packages (0.61.2)
Requirement already satisfied: llvmlite<0.45,>=0.44.0dev0 in /home/iwu/as2023/.local/lib/python3.11/site-packages (from numba) (0.44.0)
Requirement already satisfied: numpy<2.3,>=1.24 in /software/all/jupyter/ai/2025-05-23/lib/python3.11/site-packages (from numba) (2.1.3)
Fri Jun 27 11:03:04 2025       
+-----------------------------------------------------------------------------------------+
| NVIDIA-SMI 570.133.20             Driver Version: 570.133.20     CUDA Version: 12.8     |
|-----------------------------------------+------------------------+----------------------+
| GPU  Name                 Persistence-M | Bus-Id          Disp.A | Volatile Uncorr. ECC |
| Fan  Temp   Perf          Pwr:Usage/Cap |           Memory-Usage | GPU-Util  Compute M. |
|                                         |                        |               MIG M. |
|=========================================+========================+======================|
|   0  NVIDIA A100-SXM4-40GB          On  |   00000000:4B:00.0 Off |                    0 |
| N/A   45C    P0             56W /  400W |      27MiB /  40960MiB |      0%      Default |
|                                         |                        |             Disabled |
+-----------------------------------------+------------------------+----------------------+
                                                                                         
+-----------------------------------------------------------------------------------------+
| Processes:                                                                              |
|  GPU   GI   CI              PID   Type   Process name                        GPU Memory |
|        ID   ID                                                               Usage      |
|=========================================================================================|
|    0   N/A  N/A            2541      G   /usr/libexec/Xorg                        17MiB |
+-----------------------------------------------------------------------------------------+
Folder '../results/without_discharge_haicore' created successfully.
Folder '../results/without_discharge_haicore/seed_77584' created successfully.
Checkpoint saved at epoch 1
Checkpoint saved at epoch 2
Checkpoint saved at epoch 3
Checkpoint saved at epoch 4
Checkpoint saved at epoch 5
Folder '../results/without_discharge_haicore/seed_47998' created successfully.
Checkpoint saved at epoch 1
Checkpoint saved at epoch 2
Checkpoint saved at epoch 3
Checkpoint saved at epoch 4
Checkpoint saved at epoch 5
Folder '../results/without_discharge_haicore/seed_6697' created successfully.
Checkpoint saved at epoch 1
Checkpoint saved at epoch 2
Checkpoint saved at epoch 3
Checkpoint saved at epoch 4
Checkpoint saved at epoch 5

============================= JOB FEEDBACK =============================

Job ID: 1525152
Cluster: haic
User/Group: as2023/iwu
Account: iwu
State: COMPLETED (exit code 0)
Partition: normal
Nodes: 1
Cores per node: 20
Nodelist: haicn1711
CPU Utilized: 05:38:15
CPU Efficiency: 2.85% of 8-06:09:00 core-walltime
Job Wall-clock time: 09:54:27
Starttime: Fri Jun 27 11:02:55 2025
Endtime: Fri Jun 27 20:57:22 2025
Memory Utilized: 8.10 GB
Memory Efficiency: 4.15% of 195.31 GB
Energy Consumed: 23603174 Joule / 6556.43722222222 Watthours
Average node power draw: 661.765048924776 Watt
